2025-11-02 15:28:18,289 [INFO] Pipeline initialized (dry_run=False, force=False)
2025-11-02 15:28:18,291 [INFO] ============================================================
2025-11-02 15:28:18,292 [INFO] GROK: SUMMARIZE - DML PIPELINE EXECUTION
2025-11-02 15:28:18,293 [INFO] ============================================================
2025-11-02 15:28:18,294 [INFO] ============================================================
2025-11-02 15:28:18,294 [INFO] GROK: SUMMARIZE - DML PIPELINE EXECUTION
2025-11-02 15:28:18,295 [INFO] ============================================================
2025-11-02 15:28:18,296 [INFO] Discovered 1 files in 1 manifest-approved dirs
2025-11-02 15:28:18,296 [INFO]   -> Skipped (up to date): DIRECTORY_MANIFEST.md
2025-11-02 15:28:18,297 [INFO] ============================================================
2025-11-02 15:28:18,297 [INFO] EXECUTION SUMMARY
2025-11-02 15:28:18,298 [INFO] ============================================================
2025-11-02 15:28:18,298 [INFO] Processed:   0
2025-11-02 15:28:18,299 [INFO] Skipped:     1
2025-11-02 15:28:18,299 [INFO] Failed:      0
2025-11-02 15:28:18,299 [INFO] Space saved: 0.00 MB
2025-11-02 15:28:18,300 [INFO] ============================================================
2025-11-02 15:28:18,471 [INFO] [31m[1mWARNING: This is a development server. Do not use it in a production deployment. Use a production WSGI server instead.[0m
 * Running on http://localhost:8000
2025-11-02 15:28:18,472 [INFO] [33mPress CTRL+C to quit[0m
2025-11-02 15:28:27,154 [INFO] 127.0.0.1 - - [02/Nov/2025 15:28:27] "[33mGET /view/160_Mirror_Tool_DependenciesDIRECTORY_MANIFEST.md.dml.b64 HTTP/1.1[0m" 404 -
2025-11-02 15:28:31,132 [INFO] 127.0.0.1 - - [02/Nov/2025 15:28:31] "[33mGET /view/000_Project_ManifestsDIRECTORY_MANIFEST.md.dml.b64 HTTP/1.1[0m" 404 -
2025-11-02 15:29:38,480 [INFO] 127.0.0.1 - - [02/Nov/2025 15:29:38] "GET / HTTP/1.1" 200 -
2025-11-02 15:29:39,358 [INFO] 127.0.0.1 - - [02/Nov/2025 15:29:39] "GET /view/000_Project_Manifests/DIRECTORY_MANIFEST.md.dml.b64 HTTP/1.1" 200 -
