2025-11-02 15:40:43,019 [INFO] Pipeline initialized (dry_run=False, force=False)
2025-11-02 15:40:43,021 [INFO] ============================================================
2025-11-02 15:40:43,022 [INFO] GROK: SUMMARIZE - DML PIPELINE EXECUTION
2025-11-02 15:40:43,023 [INFO] ============================================================
2025-11-02 15:40:43,024 [INFO] ============================================================
2025-11-02 15:40:43,024 [INFO] GROK: SUMMARIZE - DML PIPELINE EXECUTION
2025-11-02 15:40:43,025 [INFO] ============================================================
2025-11-02 15:40:43,026 [INFO] Discovered 1 files in 1 manifest-approved dirs
2025-11-02 15:40:43,027 [INFO]   -> Skipped (up to date): DIRECTORY_MANIFEST.md
2025-11-02 15:40:43,027 [INFO] ============================================================
2025-11-02 15:40:43,027 [INFO] EXECUTION SUMMARY
2025-11-02 15:40:43,028 [INFO] ============================================================
2025-11-02 15:40:43,028 [INFO] Processed:   0
2025-11-02 15:40:43,029 [INFO] Skipped:     1
2025-11-02 15:40:43,029 [INFO] Failed:      0
2025-11-02 15:40:43,029 [INFO] Space saved: 0.00 MB
2025-11-02 15:40:43,030 [INFO] ============================================================
2025-11-02 15:40:43,230 [INFO] [31m[1mWARNING: This is a development server. Do not use it in a production deployment. Use a production WSGI server instead.[0m
 * Running on http://localhost:8000
2025-11-02 15:40:43,230 [INFO] [33mPress CTRL+C to quit[0m
2025-11-02 15:40:52,360 [INFO] 127.0.0.1 - - [02/Nov/2025 15:40:52] "GET /view/000_Project_Manifests/SETUP_WINDOWS.md.dml.b64 HTTP/1.1" 200 -
2025-11-02 15:40:55,848 [INFO] 127.0.0.1 - - [02/Nov/2025 15:40:55] "GET /view/000_Project_Manifests/DIRECTORY_MANIFEST.md.dml.b64 HTTP/1.1" 200 -
2025-11-02 15:41:13,794 [INFO] 127.0.0.1 - - [02/Nov/2025 15:41:13] "[33mGET /.well-known/appspecific/com.chrome.devtools.json HTTP/1.1[0m" 404 -
