2025-11-02 15:25:46,372 [INFO] Pipeline initialized (dry_run=False, force=False)
2025-11-02 15:25:46,373 [INFO] ============================================================
2025-11-02 15:25:46,374 [INFO] GROK: SUMMARIZE - DML PIPELINE EXECUTION
2025-11-02 15:25:46,375 [INFO] ============================================================
2025-11-02 15:25:46,376 [INFO] ============================================================
2025-11-02 15:25:46,376 [INFO] GROK: SUMMARIZE - DML PIPELINE EXECUTION
2025-11-02 15:25:46,377 [INFO] ============================================================
2025-11-02 15:25:46,378 [INFO] Discovered 1 files in 1 manifest-approved dirs
2025-11-02 15:25:46,378 [INFO]   -> Skipped (up to date): DIRECTORY_MANIFEST.md
2025-11-02 15:25:46,379 [INFO] ============================================================
2025-11-02 15:25:46,379 [INFO] EXECUTION SUMMARY
2025-11-02 15:25:46,380 [INFO] ============================================================
2025-11-02 15:25:46,380 [INFO] Processed:   0
2025-11-02 15:25:46,380 [INFO] Skipped:     1
2025-11-02 15:25:46,381 [INFO] Failed:      0
2025-11-02 15:25:46,381 [INFO] Space saved: 0.00 MB
2025-11-02 15:25:46,382 [INFO] ============================================================
2025-11-02 15:25:46,558 [INFO] [31m[1mWARNING: This is a development server. Do not use it in a production deployment. Use a production WSGI server instead.[0m
 * Running on http://localhost:8000
2025-11-02 15:25:46,558 [INFO] [33mPress CTRL+C to quit[0m
2025-11-02 15:25:49,859 [INFO] 127.0.0.1 - - [02/Nov/2025 15:25:49] "GET / HTTP/1.1" 200 -
2025-11-02 15:25:53,020 [INFO] 127.0.0.1 - - [02/Nov/2025 15:25:53] "[33mGET /view/000_Project_ManifestsDIRECTORY_MANIFEST.md.dml.b64 HTTP/1.1[0m" 404 -
