2025-11-02 15:58:17,512 [INFO] Pipeline initialized (dry_run=False, force=False)
2025-11-02 15:58:17,513 [INFO] ============================================================
2025-11-02 15:58:17,514 [INFO] GROK: SUMMARIZE - DML PIPELINE EXECUTION
2025-11-02 15:58:17,515 [INFO] ============================================================
2025-11-02 15:58:17,516 [INFO] ============================================================
2025-11-02 15:58:17,517 [INFO] GROK: SUMMARIZE - DML PIPELINE EXECUTION
2025-11-02 15:58:17,517 [INFO] ============================================================
2025-11-02 15:58:17,519 [INFO] Discovered 1 files in 1 manifest-approved dirs
2025-11-02 15:58:17,519 [INFO]   -> Skipped (up to date): DIRECTORY_MANIFEST.md
2025-11-02 15:58:17,539 [INFO] ============================================================
2025-11-02 15:58:17,540 [INFO] EXECUTION SUMMARY
2025-11-02 15:58:17,541 [INFO] ============================================================
2025-11-02 15:58:17,541 [INFO] Processed:   0
2025-11-02 15:58:17,542 [INFO] Skipped:     1
2025-11-02 15:58:17,543 [INFO] Failed:      0
2025-11-02 15:58:17,543 [INFO] Space saved: 0.00 MB
2025-11-02 15:58:17,544 [INFO] ============================================================
2025-11-02 15:58:17,747 [INFO] [31m[1mWARNING: This is a development server. Do not use it in a production deployment. Use a production WSGI server instead.[0m
 * Running on http://localhost:8000
2025-11-02 15:58:17,747 [INFO] [33mPress CTRL+C to quit[0m
2025-11-02 15:58:22,574 [INFO] 127.0.0.1 - - [02/Nov/2025 15:58:22] "GET / HTTP/1.1" 200 -
2025-11-02 15:58:23,647 [INFO] 127.0.0.1 - - [02/Nov/2025 15:58:23] "GET /view/000_Project_Manifests/DIRECTORY_MANIFEST.md.dml.b64 HTTP/1.1" 200 -
2025-11-02 15:58:28,284 [INFO] 127.0.0.1 - - [02/Nov/2025 15:58:28] "GET /view/000_Project_Manifests/SETUP_WINDOWS.md.dml.b64 HTTP/1.1" 200 -
