2025-11-02 14:02:47,956 [INFO] Pipeline initialized (dry_run=True, force=False)
2025-11-02 14:02:47,956 [INFO] ============================================================
2025-11-02 14:02:47,957 [INFO] GROK: SUMMARIZE - DML PIPELINE EXECUTION
2025-11-02 14:02:47,958 [INFO] ============================================================
2025-11-02 14:02:47,958 [WARNING] DRY RUN MODE - No files will be written
2025-11-02 14:02:47,977 [INFO] Discovered 39 files in 28 manifest-approved dirs
2025-11-02 14:02:47,977 [INFO] Processing: E:\NextGen\Offline_IT_Ecosystem\000_Project_Manifests\manifest.yml
2025-11-02 14:02:47,985 [ERROR]   -> Failed: E:\NextGen\Offline_IT_Ecosystem\000_Project_Manifests\manifest.yml - name 'cleaner' is not defined
2025-11-02 14:02:47,986 [INFO] Processing: E:\NextGen\Offline_IT_Ecosystem\000_Project_Manifests\DIRECTORY_MANIFEST.md
2025-11-02 14:02:47,987 [ERROR]   -> Failed: E:\NextGen\Offline_IT_Ecosystem\000_Project_Manifests\DIRECTORY_MANIFEST.md - name 'cleaner' is not defined
2025-11-02 14:02:47,987 [INFO] Processing: E:\NextGen\Offline_IT_Ecosystem\000_Project_Manifests\SETUP_WINDOWS.md
2025-11-02 14:02:47,988 [ERROR]   -> Failed: E:\NextGen\Offline_IT_Ecosystem\000_Project_Manifests\SETUP_WINDOWS.md - name 'cleaner' is not defined
2025-11-02 14:02:47,988 [INFO] Processing: E:\NextGen\Offline_IT_Ecosystem\010_Data_RDBMS_NoSQL\DIRECTORY_MANIFEST.md
2025-11-02 14:02:47,988 [ERROR]   -> Failed: E:\NextGen\Offline_IT_Ecosystem\010_Data_RDBMS_NoSQL\DIRECTORY_MANIFEST.md - name 'cleaner' is not defined
2025-11-02 14:02:47,989 [INFO] Processing: E:\NextGen\Offline_IT_Ecosystem\020_SCM_Version_Control\Gitlab_install_instructions.txt
2025-11-02 14:02:47,989 [ERROR]   -> Failed: E:\NextGen\Offline_IT_Ecosystem\020_SCM_Version_Control\Gitlab_install_instructions.txt - name 'cleaner' is not defined
2025-11-02 14:02:47,990 [INFO] Processing: E:\NextGen\Offline_IT_Ecosystem\020_SCM_Version_Control\DIRECTORY_MANIFEST.md
2025-11-02 14:02:47,991 [ERROR]   -> Failed: E:\NextGen\Offline_IT_Ecosystem\020_SCM_Version_Control\DIRECTORY_MANIFEST.md - name 'cleaner' is not defined
2025-11-02 14:02:47,992 [INFO] Processing: E:\NextGen\Offline_IT_Ecosystem\030_Auth_Identity_Management\DIRECTORY_MANIFEST.md
2025-11-02 14:02:47,992 [ERROR]   -> Failed: E:\NextGen\Offline_IT_Ecosystem\030_Auth_Identity_Management\DIRECTORY_MANIFEST.md - name 'cleaner' is not defined
2025-11-02 14:02:47,993 [INFO] Processing: E:\NextGen\Offline_IT_Ecosystem\040_Web_Server_Frontend\DIRECTORY_MANIFEST.md
2025-11-02 14:02:47,993 [ERROR]   -> Failed: E:\NextGen\Offline_IT_Ecosystem\040_Web_Server_Frontend\DIRECTORY_MANIFEST.md - name 'cleaner' is not defined
2025-11-02 14:02:47,994 [INFO] Processing: E:\NextGen\Offline_IT_Ecosystem\050_Network_Core_Services\DIRECTORY_MANIFEST.md
2025-11-02 14:02:47,994 [ERROR]   -> Failed: E:\NextGen\Offline_IT_Ecosystem\050_Network_Core_Services\DIRECTORY_MANIFEST.md - name 'cleaner' is not defined
2025-11-02 14:02:47,995 [INFO] Processing: E:\NextGen\Offline_IT_Ecosystem\060_Virtualization_Containerization\Airflow_install_instructions.txt
2025-11-02 14:02:47,995 [ERROR]   -> Failed: E:\NextGen\Offline_IT_Ecosystem\060_Virtualization_Containerization\Airflow_install_instructions.txt - name 'cleaner' is not defined
2025-11-02 14:02:47,996 [INFO] Processing: E:\NextGen\Offline_IT_Ecosystem\060_Virtualization_Containerization\Prefect_install_instructions.txt
2025-11-02 14:02:47,996 [ERROR]   -> Failed: E:\NextGen\Offline_IT_Ecosystem\060_Virtualization_Containerization\Prefect_install_instructions.txt - name 'cleaner' is not defined
2025-11-02 14:02:47,997 [INFO] Processing: E:\NextGen\Offline_IT_Ecosystem\060_Virtualization_Containerization\DIRECTORY_MANIFEST.md
2025-11-02 14:02:47,997 [ERROR]   -> Failed: E:\NextGen\Offline_IT_Ecosystem\060_Virtualization_Containerization\DIRECTORY_MANIFEST.md - name 'cleaner' is not defined
2025-11-02 14:02:47,997 [INFO] Processing: E:\NextGen\Offline_IT_Ecosystem\070_DevOps_CI_CD\DIRECTORY_MANIFEST.md
2025-11-02 14:02:47,998 [ERROR]   -> Failed: E:\NextGen\Offline_IT_Ecosystem\070_DevOps_CI_CD\DIRECTORY_MANIFEST.md - name 'cleaner' is not defined
2025-11-02 14:02:47,999 [INFO] Processing: E:\NextGen\Offline_IT_Ecosystem\080_Observability_ELK_Stack\DIRECTORY_MANIFEST.md
2025-11-02 14:02:47,999 [ERROR]   -> Failed: E:\NextGen\Offline_IT_Ecosystem\080_Observability_ELK_Stack\DIRECTORY_MANIFEST.md - name 'cleaner' is not defined
2025-11-02 14:02:47,999 [INFO] Processing: E:\NextGen\Offline_IT_Ecosystem\090_Messaging_IoT_Broker\DIRECTORY_MANIFEST.md
2025-11-02 14:02:48,000 [ERROR]   -> Failed: E:\NextGen\Offline_IT_Ecosystem\090_Messaging_IoT_Broker\DIRECTORY_MANIFEST.md - name 'cleaner' is not defined
2025-11-02 14:02:48,001 [INFO] Processing: E:\NextGen\Offline_IT_Ecosystem\105_System_Automation_Scripts\DIRECTORY_MANIFEST.md
2025-11-02 14:02:48,002 [ERROR]   -> Failed: E:\NextGen\Offline_IT_Ecosystem\105_System_Automation_Scripts\DIRECTORY_MANIFEST.md - name 'cleaner' is not defined
2025-11-02 14:02:48,002 [INFO] Processing: E:\NextGen\Offline_IT_Ecosystem\110_Cybersecurity_Pentest\DIRECTORY_MANIFEST.md
2025-11-02 14:02:48,003 [ERROR]   -> Failed: E:\NextGen\Offline_IT_Ecosystem\110_Cybersecurity_Pentest\DIRECTORY_MANIFEST.md - name 'cleaner' is not defined
2025-11-02 14:02:48,003 [INFO] Processing: E:\NextGen\Offline_IT_Ecosystem\120_Blockchain_Crypto\DIRECTORY_MANIFEST.md
2025-11-02 14:02:48,004 [ERROR]   -> Failed: E:\NextGen\Offline_IT_Ecosystem\120_Blockchain_Crypto\DIRECTORY_MANIFEST.md - name 'cleaner' is not defined
2025-11-02 14:02:48,004 [INFO] Processing: E:\NextGen\Offline_IT_Ecosystem\130_MUD_IRC_Community\DIRECTORY_MANIFEST.md
2025-11-02 14:02:48,004 [ERROR]   -> Failed: E:\NextGen\Offline_IT_Ecosystem\130_MUD_IRC_Community\DIRECTORY_MANIFEST.md - name 'cleaner' is not defined
2025-11-02 14:02:48,005 [INFO] Processing: E:\NextGen\Offline_IT_Ecosystem\140_Game_Development\DIRECTORY_MANIFEST.md
2025-11-02 14:02:48,005 [ERROR]   -> Failed: E:\NextGen\Offline_IT_Ecosystem\140_Game_Development\DIRECTORY_MANIFEST.md - name 'cleaner' is not defined
2025-11-02 14:02:48,006 [INFO] Processing: E:\NextGen\Offline_IT_Ecosystem\150_Offline_Chat_Messaging\DIRECTORY_MANIFEST.md
2025-11-02 14:02:48,006 [ERROR]   -> Failed: E:\NextGen\Offline_IT_Ecosystem\150_Offline_Chat_Messaging\DIRECTORY_MANIFEST.md - name 'cleaner' is not defined
2025-11-02 14:02:48,008 [INFO] Processing: E:\NextGen\Offline_IT_Ecosystem\160_Mirror_Tool_Dependencies\NODE\node__docker_instructions.txt
2025-11-02 14:02:48,009 [ERROR]   -> Failed: E:\NextGen\Offline_IT_Ecosystem\160_Mirror_Tool_Dependencies\NODE\node__docker_instructions.txt - name 'cleaner' is not defined
2025-11-02 14:02:48,009 [INFO] Processing: E:\NextGen\Offline_IT_Ecosystem\160_Mirror_Tool_Dependencies\DIRECTORY_MANIFEST.md
2025-11-02 14:02:48,009 [ERROR]   -> Failed: E:\NextGen\Offline_IT_Ecosystem\160_Mirror_Tool_Dependencies\DIRECTORY_MANIFEST.md - name 'cleaner' is not defined
2025-11-02 14:02:48,010 [INFO] Processing: E:\NextGen\Offline_IT_Ecosystem\170_OS_Security_Baselines\DIRECTORY_MANIFEST.md
2025-11-02 14:02:48,010 [ERROR]   -> Failed: E:\NextGen\Offline_IT_Ecosystem\170_OS_Security_Baselines\DIRECTORY_MANIFEST.md - name 'cleaner' is not defined
2025-11-02 14:02:48,011 [INFO] Processing: E:\NextGen\Offline_IT_Ecosystem\180_Open_Source_Intelligence\Datasets\OhShINT.txt
2025-11-02 14:02:48,011 [ERROR]   -> Failed: E:\NextGen\Offline_IT_Ecosystem\180_Open_Source_Intelligence\Datasets\OhShINT.txt - name 'cleaner' is not defined
2025-11-02 14:02:48,012 [INFO] Processing: E:\NextGen\Offline_IT_Ecosystem\180_Open_Source_Intelligence\DIRECTORY_MANIFEST.md
2025-11-02 14:02:48,012 [ERROR]   -> Failed: E:\NextGen\Offline_IT_Ecosystem\180_Open_Source_Intelligence\DIRECTORY_MANIFEST.md - name 'cleaner' is not defined
2025-11-02 14:02:48,012 [INFO] Processing: E:\NextGen\Offline_IT_Ecosystem\190_Local_CDN_Caching\DIRECTORY_MANIFEST.md
2025-11-02 14:02:48,013 [ERROR]   -> Failed: E:\NextGen\Offline_IT_Ecosystem\190_Local_CDN_Caching\DIRECTORY_MANIFEST.md - name 'cleaner' is not defined
2025-11-02 14:02:48,013 [INFO] Processing: E:\NextGen\Offline_IT_Ecosystem\195_Documentation_Knowledge_Base\DIRECTORY_MANIFEST.md
2025-11-02 14:02:48,014 [ERROR]   -> Failed: E:\NextGen\Offline_IT_Ecosystem\195_Documentation_Knowledge_Base\DIRECTORY_MANIFEST.md - name 'cleaner' is not defined
2025-11-02 14:02:48,014 [INFO] Processing: E:\NextGen\Offline_IT_Ecosystem\200_Content_Data_Source\DIRECTORY_MANIFEST.md
2025-11-02 14:02:48,015 [ERROR]   -> Failed: E:\NextGen\Offline_IT_Ecosystem\200_Content_Data_Source\DIRECTORY_MANIFEST.md - name 'cleaner' is not defined
2025-11-02 14:02:48,015 [INFO] Processing: E:\NextGen\Offline_IT_Ecosystem\210_Project_Dev_Tools\DIRECTORY_MANIFEST.md
2025-11-02 14:02:48,016 [ERROR]   -> Failed: E:\NextGen\Offline_IT_Ecosystem\210_Project_Dev_Tools\DIRECTORY_MANIFEST.md - name 'cleaner' is not defined
2025-11-02 14:02:48,016 [INFO] Processing: E:\NextGen\Offline_IT_Ecosystem\990_Project_Automation\auto_download_manifest.json
2025-11-02 14:02:48,017 [ERROR]   -> Failed: E:\NextGen\Offline_IT_Ecosystem\990_Project_Automation\auto_download_manifest.json - name 'cleaner' is not defined
2025-11-02 14:02:48,017 [INFO] Processing: E:\NextGen\Offline_IT_Ecosystem\990_Project_Automation\Pipeline\config.yaml
2025-11-02 14:02:48,021 [ERROR]   -> Failed: E:\NextGen\Offline_IT_Ecosystem\990_Project_Automation\Pipeline\config.yaml - name 'cleaner' is not defined
2025-11-02 14:02:48,021 [INFO] Processing: E:\NextGen\Offline_IT_Ecosystem\990_Project_Automation\Pipeline\grok_config_yaml.txt
2025-11-02 14:02:48,021 [ERROR]   -> Failed: E:\NextGen\Offline_IT_Ecosystem\990_Project_Automation\Pipeline\grok_config_yaml.txt - name 'cleaner' is not defined
2025-11-02 14:02:48,022 [INFO] Processing: E:\NextGen\Offline_IT_Ecosystem\990_Project_Automation\Pipeline\requirements.txt
2025-11-02 14:02:48,024 [ERROR]   -> Failed: E:\NextGen\Offline_IT_Ecosystem\990_Project_Automation\Pipeline\requirements.txt - name 'cleaner' is not defined
2025-11-02 14:02:48,024 [INFO] Processing: E:\NextGen\Offline_IT_Ecosystem\990_Project_Automation\DIRECTORY_MANIFEST.md
2025-11-02 14:02:48,025 [ERROR]   -> Failed: E:\NextGen\Offline_IT_Ecosystem\990_Project_Automation\DIRECTORY_MANIFEST.md - name 'cleaner' is not defined
2025-11-02 14:02:48,025 [INFO] Processing: E:\NextGen\Offline_IT_Ecosystem\990_Project_Automation\TEMPLATE_DIRECTORY_MANIFEST.md
2025-11-02 14:02:48,026 [ERROR]   -> Failed: E:\NextGen\Offline_IT_Ecosystem\990_Project_Automation\TEMPLATE_DIRECTORY_MANIFEST.md - name 'cleaner' is not defined
2025-11-02 14:02:48,026 [INFO] Processing: E:\NextGen\Offline_IT_Ecosystem\990_Project_Automation\Pipeline\project_summary.md
2025-11-02 14:02:48,027 [ERROR]   -> Failed: E:\NextGen\Offline_IT_Ecosystem\990_Project_Automation\Pipeline\project_summary.md - name 'cleaner' is not defined
2025-11-02 14:02:48,027 [INFO] Processing: E:\NextGen\Offline_IT_Ecosystem\995_Project_Logs\filelist_post_mirroring.txt
2025-11-02 14:02:48,028 [ERROR]   -> Failed: E:\NextGen\Offline_IT_Ecosystem\995_Project_Logs\filelist_post_mirroring.txt - name 'cleaner' is not defined
2025-11-02 14:02:48,028 [INFO] Processing: E:\NextGen\Offline_IT_Ecosystem\995_Project_Logs\DIRECTORY_MANIFEST.md
2025-11-02 14:02:48,028 [ERROR]   -> Failed: E:\NextGen\Offline_IT_Ecosystem\995_Project_Logs\DIRECTORY_MANIFEST.md - name 'cleaner' is not defined
2025-11-02 14:02:48,029 [INFO] ============================================================
2025-11-02 14:02:48,029 [INFO] EXECUTION SUMMARY
2025-11-02 14:02:48,029 [INFO] ============================================================
2025-11-02 14:02:48,030 [INFO] Processed:   0
2025-11-02 14:02:48,030 [INFO] Skipped:     0
2025-11-02 14:02:48,030 [INFO] Failed:      39
2025-11-02 14:02:48,031 [INFO] Space saved: 0.00 MB
2025-11-02 14:02:48,031 [INFO] ============================================================
