2025-11-02 15:33:03,001 [INFO] Pipeline initialized (dry_run=False, force=False)
2025-11-02 15:33:03,001 [INFO] ============================================================
2025-11-02 15:33:03,002 [INFO] GROK: SUMMARIZE - DML PIPELINE EXECUTION
2025-11-02 15:33:03,003 [INFO] ============================================================
2025-11-02 15:33:03,004 [INFO] ============================================================
2025-11-02 15:33:03,004 [INFO] GROK: SUMMARIZE - DML PIPELINE EXECUTION
2025-11-02 15:33:03,005 [INFO] ============================================================
2025-11-02 15:33:03,006 [INFO] Discovered 1 files in 1 manifest-approved dirs
2025-11-02 15:33:03,006 [INFO]   -> Skipped (up to date): DIRECTORY_MANIFEST.md
2025-11-02 15:33:03,007 [INFO] ============================================================
2025-11-02 15:33:03,007 [INFO] EXECUTION SUMMARY
2025-11-02 15:33:03,008 [INFO] ============================================================
2025-11-02 15:33:03,008 [INFO] Processed:   0
2025-11-02 15:33:03,008 [INFO] Skipped:     1
2025-11-02 15:33:03,009 [INFO] Failed:      0
2025-11-02 15:33:03,009 [INFO] Space saved: 0.00 MB
2025-11-02 15:33:03,010 [INFO] ============================================================
2025-11-02 15:33:03,189 [INFO] [31m[1mWARNING: This is a development server. Do not use it in a production deployment. Use a production WSGI server instead.[0m
 * Running on http://localhost:8000
2025-11-02 15:33:03,189 [INFO] [33mPress CTRL+C to quit[0m
2025-11-02 15:33:07,881 [INFO] 127.0.0.1 - - [02/Nov/2025 15:33:07] "GET /view/080_Observability_ELK_Stack/DIRECTORY_MANIFEST.md.dml.b64 HTTP/1.1" 200 -
2025-11-02 15:34:17,160 [INFO] 127.0.0.1 - - [02/Nov/2025 15:34:17] "GET / HTTP/1.1" 200 -
2025-11-02 15:34:19,229 [INFO] 127.0.0.1 - - [02/Nov/2025 15:34:19] "GET /view/120_Blockchain_Crypto/DIRECTORY_MANIFEST.md.dml.b64 HTTP/1.1" 200 -
