2025-11-02 14:46:08,716 [INFO] Pipeline initialized (dry_run=False, force=False)
2025-11-02 14:46:08,717 [INFO] ============================================================
2025-11-02 14:46:08,718 [INFO] GROK: SUMMARIZE - DML PIPELINE EXECUTION
2025-11-02 14:46:08,719 [INFO] ============================================================
2025-11-02 14:46:08,719 [INFO] ============================================================
2025-11-02 14:46:08,720 [INFO] GROK: SUMMARIZE - DML PIPELINE EXECUTION
2025-11-02 14:46:08,720 [INFO] ============================================================
2025-11-02 14:46:08,747 [INFO] Discovered 39 files in 28 manifest-approved dirs
2025-11-02 14:46:08,748 [INFO]   -> Skipped (up to date): manifest.yml
2025-11-02 14:46:08,749 [INFO]   -> Skipped (up to date): DIRECTORY_MANIFEST.md
2025-11-02 14:46:08,749 [INFO]   -> Skipped (up to date): SETUP_WINDOWS.md
2025-11-02 14:46:08,749 [INFO]   -> Skipped (up to date): DIRECTORY_MANIFEST.md
2025-11-02 14:46:08,750 [INFO]   -> Skipped (up to date): Gitlab_install_instructions.txt
2025-11-02 14:46:08,750 [INFO]   -> Skipped (up to date): DIRECTORY_MANIFEST.md
2025-11-02 14:46:08,751 [INFO]   -> Skipped (up to date): DIRECTORY_MANIFEST.md
2025-11-02 14:46:08,751 [INFO]   -> Skipped (up to date): DIRECTORY_MANIFEST.md
2025-11-02 14:46:08,752 [INFO]   -> Skipped (up to date): DIRECTORY_MANIFEST.md
2025-11-02 14:46:08,752 [INFO]   -> Skipped (up to date): Airflow_install_instructions.txt
2025-11-02 14:46:08,752 [INFO]   -> Skipped (up to date): Prefect_install_instructions.txt
2025-11-02 14:46:08,753 [INFO]   -> Skipped (up to date): DIRECTORY_MANIFEST.md
2025-11-02 14:46:08,753 [INFO]   -> Skipped (up to date): DIRECTORY_MANIFEST.md
2025-11-02 14:46:08,753 [INFO]   -> Skipped (up to date): DIRECTORY_MANIFEST.md
2025-11-02 14:46:08,754 [INFO]   -> Skipped (up to date): DIRECTORY_MANIFEST.md
2025-11-02 14:46:08,754 [INFO]   -> Skipped (up to date): DIRECTORY_MANIFEST.md
2025-11-02 14:46:08,754 [INFO]   -> Skipped (up to date): DIRECTORY_MANIFEST.md
2025-11-02 14:46:08,755 [INFO]   -> Skipped (up to date): DIRECTORY_MANIFEST.md
2025-11-02 14:46:08,755 [INFO]   -> Skipped (up to date): DIRECTORY_MANIFEST.md
2025-11-02 14:46:08,755 [INFO]   -> Skipped (up to date): DIRECTORY_MANIFEST.md
2025-11-02 14:46:08,756 [INFO]   -> Skipped (up to date): DIRECTORY_MANIFEST.md
2025-11-02 14:46:08,756 [INFO]   -> Skipped (up to date): node__docker_instructions.txt
2025-11-02 14:46:08,756 [INFO]   -> Skipped (up to date): DIRECTORY_MANIFEST.md
2025-11-02 14:46:08,757 [INFO]   -> Skipped (up to date): DIRECTORY_MANIFEST.md
2025-11-02 14:46:08,757 [INFO]   -> Skipped (up to date): OhShINT.txt
2025-11-02 14:46:08,758 [INFO]   -> Skipped (up to date): DIRECTORY_MANIFEST.md
2025-11-02 14:46:08,758 [INFO]   -> Skipped (up to date): DIRECTORY_MANIFEST.md
2025-11-02 14:46:08,758 [INFO]   -> Skipped (up to date): DIRECTORY_MANIFEST.md
2025-11-02 14:46:08,758 [INFO]   -> Skipped (up to date): DIRECTORY_MANIFEST.md
2025-11-02 14:46:08,759 [INFO]   -> Skipped (up to date): DIRECTORY_MANIFEST.md
2025-11-02 14:46:08,759 [INFO]   -> Skipped (up to date): auto_download_manifest.json
2025-11-02 14:46:08,760 [INFO]   -> Skipped (up to date): config.yaml
2025-11-02 14:46:08,760 [INFO]   -> Skipped (up to date): grok_config_yaml.txt
2025-11-02 14:46:08,760 [INFO]   -> Skipped (up to date): requirements.txt
2025-11-02 14:46:08,761 [INFO]   -> Skipped (up to date): DIRECTORY_MANIFEST.md
2025-11-02 14:46:08,761 [INFO]   -> Skipped (up to date): TEMPLATE_DIRECTORY_MANIFEST.md
2025-11-02 14:46:08,762 [INFO]   -> Skipped (up to date): project_summary.md
2025-11-02 14:46:08,762 [INFO]   -> Skipped (up to date): filelist_post_mirroring.txt
2025-11-02 14:46:08,763 [INFO]   -> Skipped (up to date): DIRECTORY_MANIFEST.md
2025-11-02 14:46:08,763 [INFO] ============================================================
2025-11-02 14:46:08,765 [INFO] EXECUTION SUMMARY
2025-11-02 14:46:08,765 [INFO] ============================================================
2025-11-02 14:46:08,765 [INFO] Processed:   0
2025-11-02 14:46:08,766 [INFO] Skipped:     39
2025-11-02 14:46:08,766 [INFO] Failed:      0
2025-11-02 14:46:08,767 [INFO] Space saved: 0.00 MB
2025-11-02 14:46:08,767 [INFO] ============================================================
2025-11-02 14:46:08,767 [ERROR] Fatal error: name 'args' is not defined
