2025-11-02 16:29:08,186 [INFO] Pipeline initialized (dry_run=False, force=False)
2025-11-02 16:29:08,186 [INFO] ============================================================
2025-11-02 16:29:08,186 [INFO] GROK: SUMMARIZE - DML PIPELINE EXECUTION
2025-11-02 16:29:08,186 [INFO] ============================================================
2025-11-02 16:29:08,186 [INFO] ============================================================
2025-11-02 16:29:08,186 [INFO] GROK: SUMMARIZE - DML PIPELINE EXECUTION
2025-11-02 16:29:08,187 [INFO] ============================================================
2025-11-02 16:29:08,213 [INFO] Discovered 40 files in 29 manifest-approved dirs
2025-11-02 16:29:08,214 [INFO]   -> Skipped (up to date): manifest.yml
2025-11-02 16:29:08,214 [INFO]   -> Skipped (up to date): DIRECTORY_MANIFEST.md
2025-11-02 16:29:08,215 [INFO]   -> Skipped (up to date): SETUP_WINDOWS.md
2025-11-02 16:29:08,215 [INFO]   -> Skipped (up to date): DIRECTORY_MANIFEST.md
2025-11-02 16:29:08,216 [INFO]   -> Skipped (up to date): Gitlab_install_instructions.txt
2025-11-02 16:29:08,216 [INFO]   -> Skipped (up to date): DIRECTORY_MANIFEST.md
2025-11-02 16:29:08,217 [INFO]   -> Skipped (up to date): DIRECTORY_MANIFEST.md
2025-11-02 16:29:08,217 [INFO]   -> Skipped (up to date): DIRECTORY_MANIFEST.md
2025-11-02 16:29:08,218 [INFO]   -> Skipped (up to date): DIRECTORY_MANIFEST.md
2025-11-02 16:29:08,218 [INFO]   -> Skipped (up to date): Airflow_install_instructions.txt
2025-11-02 16:29:08,218 [INFO]   -> Skipped (up to date): Prefect_install_instructions.txt
2025-11-02 16:29:08,219 [INFO]   -> Skipped (up to date): DIRECTORY_MANIFEST.md
2025-11-02 16:29:08,219 [INFO]   -> Skipped (up to date): DIRECTORY_MANIFEST.md
2025-11-02 16:29:08,220 [INFO]   -> Skipped (up to date): DIRECTORY_MANIFEST.md
2025-11-02 16:29:08,220 [INFO]   -> Skipped (up to date): DIRECTORY_MANIFEST.md
2025-11-02 16:29:08,220 [INFO]   -> Skipped (up to date): DIRECTORY_MANIFEST.md
2025-11-02 16:29:08,221 [INFO]   -> Skipped (up to date): DIRECTORY_MANIFEST.md
2025-11-02 16:29:08,221 [INFO]   -> Skipped (up to date): DIRECTORY_MANIFEST.md
2025-11-02 16:29:08,221 [INFO]   -> Skipped (up to date): DIRECTORY_MANIFEST.md
2025-11-02 16:29:08,222 [INFO]   -> Skipped (up to date): DIRECTORY_MANIFEST.md
2025-11-02 16:29:08,222 [INFO]   -> Skipped (up to date): DIRECTORY_MANIFEST.md
2025-11-02 16:29:08,224 [INFO]   -> Skipped (up to date): node__docker_instructions.txt
2025-11-02 16:29:08,224 [INFO]   -> Skipped (up to date): DIRECTORY_MANIFEST.md
2025-11-02 16:29:08,224 [INFO]   -> Skipped (up to date): DIRECTORY_MANIFEST.md
2025-11-02 16:29:08,225 [INFO]   -> Skipped (up to date): OhShINT.txt
2025-11-02 16:29:08,225 [INFO]   -> Skipped (up to date): DIRECTORY_MANIFEST.md
2025-11-02 16:29:08,226 [INFO]   -> Skipped (up to date): DIRECTORY_MANIFEST.md
2025-11-02 16:29:08,226 [INFO]   -> Skipped (up to date): DIRECTORY_MANIFEST.md
2025-11-02 16:29:08,226 [INFO]   -> Skipped (up to date): DIRECTORY_MANIFEST.md
2025-11-02 16:29:08,227 [INFO]   -> Skipped (up to date): DIRECTORY_MANIFEST.md
2025-11-02 16:29:08,227 [INFO]   -> Skipped (up to date): DML_SUMMARY.md
2025-11-02 16:29:08,227 [INFO]   -> Skipped (up to date): auto_download_manifest.json
2025-11-02 16:29:08,228 [INFO]   -> Skipped (up to date): config.yaml
2025-11-02 16:29:08,228 [INFO]   -> Skipped (up to date): grok_config_yaml.txt
2025-11-02 16:29:08,229 [INFO]   -> Skipped (up to date): requirements.txt
2025-11-02 16:29:08,229 [INFO]   -> Skipped (up to date): DIRECTORY_MANIFEST.md
2025-11-02 16:29:08,230 [INFO]   -> Skipped (up to date): TEMPLATE_DIRECTORY_MANIFEST.md
2025-11-02 16:29:08,230 [INFO]   -> Skipped (up to date): project_summary.md
2025-11-02 16:29:08,230 [INFO]   -> Skipped (up to date): filelist_post_mirroring.txt
2025-11-02 16:29:08,231 [INFO]   -> Skipped (up to date): DIRECTORY_MANIFEST.md
2025-11-02 16:29:08,231 [INFO] ============================================================
2025-11-02 16:29:08,231 [INFO] EXECUTION SUMMARY
2025-11-02 16:29:08,232 [INFO] ============================================================
2025-11-02 16:29:08,232 [INFO] Processed:   0
2025-11-02 16:29:08,232 [INFO] Skipped:     40
2025-11-02 16:29:08,233 [INFO] Failed:      0
2025-11-02 16:29:08,233 [INFO] Space saved: 0.00 MB
2025-11-02 16:29:08,233 [INFO] ============================================================
2025-11-02 16:29:08,409 [INFO] [31m[1mWARNING: This is a development server. Do not use it in a production deployment. Use a production WSGI server instead.[0m
 * Running on http://localhost:5000
2025-11-02 16:29:08,409 [INFO] [33mPress CTRL+C to quit[0m
2025-11-02 16:29:14,203 [INFO] 127.0.0.1 - - [02/Nov/2025 16:29:14] "GET /api/v1/dml/000_Project_Manifests/manifest.yml.dml.b64 HTTP/1.1" 200 -
