2025-11-02 16:43:45,747 [INFO] Pipeline initialized (dry_run=False, force=False)
2025-11-02 16:43:45,747 [INFO] ============================================================
2025-11-02 16:43:45,749 [INFO] GROK: SUMMARIZE - DML PIPELINE EXECUTION
2025-11-02 16:43:45,750 [INFO] ============================================================
2025-11-02 16:43:45,751 [INFO] ============================================================
2025-11-02 16:43:45,752 [INFO] GROK: SUMMARIZE - DML PIPELINE EXECUTION
2025-11-02 16:43:45,752 [INFO] ============================================================
2025-11-02 16:43:45,780 [INFO] Discovered 40 files in 29 manifest-approved dirs
2025-11-02 16:43:45,780 [INFO]   -> Skipped (up to date): manifest.yml
2025-11-02 16:43:45,781 [INFO]   -> Skipped (up to date): DIRECTORY_MANIFEST.md
2025-11-02 16:43:45,782 [INFO]   -> Skipped (up to date): SETUP_WINDOWS.md
2025-11-02 16:43:45,782 [INFO]   -> Skipped (up to date): DIRECTORY_MANIFEST.md
2025-11-02 16:43:45,783 [INFO]   -> Skipped (up to date): Gitlab_install_instructions.txt
2025-11-02 16:43:45,785 [INFO]   -> Skipped (up to date): DIRECTORY_MANIFEST.md
2025-11-02 16:43:45,785 [INFO]   -> Skipped (up to date): DIRECTORY_MANIFEST.md
2025-11-02 16:43:45,786 [INFO]   -> Skipped (up to date): DIRECTORY_MANIFEST.md
2025-11-02 16:43:45,787 [INFO]   -> Skipped (up to date): DIRECTORY_MANIFEST.md
2025-11-02 16:43:45,787 [INFO]   -> Skipped (up to date): Airflow_install_instructions.txt
2025-11-02 16:43:45,787 [INFO]   -> Skipped (up to date): Prefect_install_instructions.txt
2025-11-02 16:43:45,788 [INFO]   -> Skipped (up to date): DIRECTORY_MANIFEST.md
2025-11-02 16:43:45,788 [INFO]   -> Skipped (up to date): DIRECTORY_MANIFEST.md
2025-11-02 16:43:45,788 [INFO]   -> Skipped (up to date): DIRECTORY_MANIFEST.md
2025-11-02 16:43:45,789 [INFO]   -> Skipped (up to date): DIRECTORY_MANIFEST.md
2025-11-02 16:43:45,789 [INFO]   -> Skipped (up to date): DIRECTORY_MANIFEST.md
2025-11-02 16:43:45,789 [INFO]   -> Skipped (up to date): DIRECTORY_MANIFEST.md
2025-11-02 16:43:45,790 [INFO]   -> Skipped (up to date): DIRECTORY_MANIFEST.md
2025-11-02 16:43:45,790 [INFO]   -> Skipped (up to date): DIRECTORY_MANIFEST.md
2025-11-02 16:43:45,790 [INFO]   -> Skipped (up to date): DIRECTORY_MANIFEST.md
2025-11-02 16:43:45,791 [INFO]   -> Skipped (up to date): DIRECTORY_MANIFEST.md
2025-11-02 16:43:45,791 [INFO]   -> Skipped (up to date): node__docker_instructions.txt
2025-11-02 16:43:45,791 [INFO]   -> Skipped (up to date): DIRECTORY_MANIFEST.md
2025-11-02 16:43:45,792 [INFO]   -> Skipped (up to date): DIRECTORY_MANIFEST.md
2025-11-02 16:43:45,792 [INFO]   -> Skipped (up to date): OhShINT.txt
2025-11-02 16:43:45,793 [INFO]   -> Skipped (up to date): DIRECTORY_MANIFEST.md
2025-11-02 16:43:45,793 [INFO]   -> Skipped (up to date): DIRECTORY_MANIFEST.md
2025-11-02 16:43:45,793 [INFO]   -> Skipped (up to date): DIRECTORY_MANIFEST.md
2025-11-02 16:43:45,794 [INFO]   -> Skipped (up to date): DIRECTORY_MANIFEST.md
2025-11-02 16:43:45,794 [INFO]   -> Skipped (up to date): DIRECTORY_MANIFEST.md
2025-11-02 16:43:45,795 [INFO]   -> Skipped (up to date): DML_SUMMARY.md
2025-11-02 16:43:45,795 [INFO]   -> Skipped (up to date): auto_download_manifest.json
2025-11-02 16:43:45,795 [INFO]   -> Skipped (up to date): config.yaml
2025-11-02 16:43:45,796 [INFO]   -> Skipped (up to date): grok_config_yaml.txt
2025-11-02 16:43:45,796 [INFO]   -> Skipped (up to date): requirements.txt
2025-11-02 16:43:45,796 [INFO]   -> Skipped (up to date): DIRECTORY_MANIFEST.md
2025-11-02 16:43:45,797 [INFO]   -> Skipped (up to date): TEMPLATE_DIRECTORY_MANIFEST.md
2025-11-02 16:43:45,797 [INFO]   -> Skipped (up to date): project_summary.md
2025-11-02 16:43:45,797 [INFO]   -> Skipped (up to date): filelist_post_mirroring.txt
2025-11-02 16:43:45,798 [INFO]   -> Skipped (up to date): DIRECTORY_MANIFEST.md
2025-11-02 16:43:45,798 [INFO] ============================================================
2025-11-02 16:43:45,798 [INFO] EXECUTION SUMMARY
2025-11-02 16:43:45,799 [INFO] ============================================================
2025-11-02 16:43:45,799 [INFO] Processed:   0
2025-11-02 16:43:45,801 [INFO] Skipped:     40
2025-11-02 16:43:45,801 [INFO] Failed:      0
2025-11-02 16:43:45,802 [INFO] Space saved: 0.00 MB
2025-11-02 16:43:45,802 [INFO] ============================================================
2025-11-02 16:43:45,986 [INFO] [31m[1mWARNING: This is a development server. Do not use it in a production deployment. Use a production WSGI server instead.[0m
 * Running on http://localhost:5000
2025-11-02 16:43:45,986 [INFO] [33mPress CTRL+C to quit[0m
2025-11-02 16:44:00,586 [INFO] 127.0.0.1 - - [02/Nov/2025 16:44:00] "GET /api/v1/dml/000_Project_Manifests/manifest.yml.dml.b64 HTTP/1.1" 200 -
