2025-11-02 16:31:26,616 [INFO] Pipeline initialized (dry_run=False, force=False)
2025-11-02 16:31:26,617 [INFO] ============================================================
2025-11-02 16:31:26,619 [INFO] GROK: SUMMARIZE - DML PIPELINE EXECUTION
2025-11-02 16:31:26,620 [INFO] ============================================================
2025-11-02 16:31:26,622 [INFO] ============================================================
2025-11-02 16:31:26,623 [INFO] GROK: SUMMARIZE - DML PIPELINE EXECUTION
2025-11-02 16:31:26,624 [INFO] ============================================================
2025-11-02 16:31:26,651 [INFO] Discovered 40 files in 29 manifest-approved dirs
2025-11-02 16:31:26,651 [INFO]   -> Skipped (up to date): manifest.yml
2025-11-02 16:31:26,652 [INFO]   -> Skipped (up to date): DIRECTORY_MANIFEST.md
2025-11-02 16:31:26,653 [INFO]   -> Skipped (up to date): SETUP_WINDOWS.md
2025-11-02 16:31:26,653 [INFO]   -> Skipped (up to date): DIRECTORY_MANIFEST.md
2025-11-02 16:31:26,653 [INFO]   -> Skipped (up to date): Gitlab_install_instructions.txt
2025-11-02 16:31:26,654 [INFO]   -> Skipped (up to date): DIRECTORY_MANIFEST.md
2025-11-02 16:31:26,654 [INFO]   -> Skipped (up to date): DIRECTORY_MANIFEST.md
2025-11-02 16:31:26,655 [INFO]   -> Skipped (up to date): DIRECTORY_MANIFEST.md
2025-11-02 16:31:26,655 [INFO]   -> Skipped (up to date): DIRECTORY_MANIFEST.md
2025-11-02 16:31:26,655 [INFO]   -> Skipped (up to date): Airflow_install_instructions.txt
2025-11-02 16:31:26,656 [INFO]   -> Skipped (up to date): Prefect_install_instructions.txt
2025-11-02 16:31:26,656 [INFO]   -> Skipped (up to date): DIRECTORY_MANIFEST.md
2025-11-02 16:31:26,656 [INFO]   -> Skipped (up to date): DIRECTORY_MANIFEST.md
2025-11-02 16:31:26,657 [INFO]   -> Skipped (up to date): DIRECTORY_MANIFEST.md
2025-11-02 16:31:26,657 [INFO]   -> Skipped (up to date): DIRECTORY_MANIFEST.md
2025-11-02 16:31:26,657 [INFO]   -> Skipped (up to date): DIRECTORY_MANIFEST.md
2025-11-02 16:31:26,658 [INFO]   -> Skipped (up to date): DIRECTORY_MANIFEST.md
2025-11-02 16:31:26,658 [INFO]   -> Skipped (up to date): DIRECTORY_MANIFEST.md
2025-11-02 16:31:26,659 [INFO]   -> Skipped (up to date): DIRECTORY_MANIFEST.md
2025-11-02 16:31:26,659 [INFO]   -> Skipped (up to date): DIRECTORY_MANIFEST.md
2025-11-02 16:31:26,659 [INFO]   -> Skipped (up to date): DIRECTORY_MANIFEST.md
2025-11-02 16:31:26,660 [INFO]   -> Skipped (up to date): node__docker_instructions.txt
2025-11-02 16:31:26,660 [INFO]   -> Skipped (up to date): DIRECTORY_MANIFEST.md
2025-11-02 16:31:26,660 [INFO]   -> Skipped (up to date): DIRECTORY_MANIFEST.md
2025-11-02 16:31:26,661 [INFO]   -> Skipped (up to date): OhShINT.txt
2025-11-02 16:31:26,661 [INFO]   -> Skipped (up to date): DIRECTORY_MANIFEST.md
2025-11-02 16:31:26,661 [INFO]   -> Skipped (up to date): DIRECTORY_MANIFEST.md
2025-11-02 16:31:26,662 [INFO]   -> Skipped (up to date): DIRECTORY_MANIFEST.md
2025-11-02 16:31:26,662 [INFO]   -> Skipped (up to date): DIRECTORY_MANIFEST.md
2025-11-02 16:31:26,662 [INFO]   -> Skipped (up to date): DIRECTORY_MANIFEST.md
2025-11-02 16:31:26,663 [INFO]   -> Skipped (up to date): DML_SUMMARY.md
2025-11-02 16:31:26,663 [INFO]   -> Skipped (up to date): auto_download_manifest.json
2025-11-02 16:31:26,664 [INFO]   -> Skipped (up to date): config.yaml
2025-11-02 16:31:26,664 [INFO]   -> Skipped (up to date): grok_config_yaml.txt
2025-11-02 16:31:26,664 [INFO]   -> Skipped (up to date): requirements.txt
2025-11-02 16:31:26,665 [INFO]   -> Skipped (up to date): DIRECTORY_MANIFEST.md
2025-11-02 16:31:26,665 [INFO]   -> Skipped (up to date): TEMPLATE_DIRECTORY_MANIFEST.md
2025-11-02 16:31:26,665 [INFO]   -> Skipped (up to date): project_summary.md
2025-11-02 16:31:26,667 [INFO]   -> Skipped (up to date): filelist_post_mirroring.txt
2025-11-02 16:31:26,667 [INFO]   -> Skipped (up to date): DIRECTORY_MANIFEST.md
2025-11-02 16:31:26,668 [INFO] ============================================================
2025-11-02 16:31:26,668 [INFO] EXECUTION SUMMARY
2025-11-02 16:31:26,668 [INFO] ============================================================
2025-11-02 16:31:26,669 [INFO] Processed:   0
2025-11-02 16:31:26,669 [INFO] Skipped:     40
2025-11-02 16:31:26,669 [INFO] Failed:      0
2025-11-02 16:31:26,670 [INFO] Space saved: 0.00 MB
2025-11-02 16:31:26,670 [INFO] ============================================================
2025-11-02 16:31:26,860 [INFO] [31m[1mWARNING: This is a development server. Do not use it in a production deployment. Use a production WSGI server instead.[0m
 * Running on http://localhost:5000
2025-11-02 16:31:26,860 [INFO] [33mPress CTRL+C to quit[0m
2025-11-02 16:31:36,073 [INFO] 127.0.0.1 - - [02/Nov/2025 16:31:36] "GET /api/v1/dml/000_Project_Manifests/manifest.yml.dml.b64 HTTP/1.1" 200 -
