2025-11-02 15:43:14,803 [INFO] Pipeline initialized (dry_run=False, force=False)
2025-11-02 15:43:14,803 [INFO] ============================================================
2025-11-02 15:43:14,804 [INFO] GROK: SUMMARIZE - DML PIPELINE EXECUTION
2025-11-02 15:43:14,805 [INFO] ============================================================
2025-11-02 15:43:14,806 [INFO] ============================================================
2025-11-02 15:43:14,806 [INFO] GROK: SUMMARIZE - DML PIPELINE EXECUTION
2025-11-02 15:43:14,807 [INFO] ============================================================
2025-11-02 15:43:14,808 [INFO] Discovered 1 files in 1 manifest-approved dirs
2025-11-02 15:43:14,808 [INFO]   -> Skipped (up to date): DIRECTORY_MANIFEST.md
2025-11-02 15:43:14,809 [INFO] ============================================================
2025-11-02 15:43:14,809 [INFO] EXECUTION SUMMARY
2025-11-02 15:43:14,810 [INFO] ============================================================
2025-11-02 15:43:14,810 [INFO] Processed:   0
2025-11-02 15:43:14,810 [INFO] Skipped:     1
2025-11-02 15:43:14,811 [INFO] Failed:      0
2025-11-02 15:43:14,811 [INFO] Space saved: 0.00 MB
2025-11-02 15:43:14,812 [INFO] ============================================================
2025-11-02 15:43:14,988 [INFO] [31m[1mWARNING: This is a development server. Do not use it in a production deployment. Use a production WSGI server instead.[0m
 * Running on http://localhost:8000
2025-11-02 15:43:14,988 [INFO] [33mPress CTRL+C to quit[0m
2025-11-02 15:43:22,016 [INFO] 127.0.0.1 - - [02/Nov/2025 15:43:22] "[33mGET /.well-known/appspecific/com.chrome.devtools.json HTTP/1.1[0m" 404 -
2025-11-02 15:43:23,032 [INFO] 127.0.0.1 - - [02/Nov/2025 15:43:23] "GET /view/000_Project_Manifests/DIRECTORY_MANIFEST.md.dml.b64 HTTP/1.1" 200 -
2025-11-02 15:43:23,048 [INFO] 127.0.0.1 - - [02/Nov/2025 15:43:23] "[33mGET /.well-known/appspecific/com.chrome.devtools.json HTTP/1.1[0m" 404 -
