2025-11-02 15:38:14,013 [INFO] Pipeline initialized (dry_run=False, force=False)
2025-11-02 15:38:14,014 [INFO] ============================================================
2025-11-02 15:38:14,015 [INFO] GROK: SUMMARIZE - DML PIPELINE EXECUTION
2025-11-02 15:38:14,016 [INFO] ============================================================
2025-11-02 15:38:14,016 [INFO] ============================================================
2025-11-02 15:38:14,016 [INFO] GROK: SUMMARIZE - DML PIPELINE EXECUTION
2025-11-02 15:38:14,017 [INFO] ============================================================
2025-11-02 15:38:14,019 [INFO] Discovered 1 files in 1 manifest-approved dirs
2025-11-02 15:38:14,019 [INFO]   -> Skipped (up to date): DIRECTORY_MANIFEST.md
2025-11-02 15:38:14,020 [INFO] ============================================================
2025-11-02 15:38:14,020 [INFO] EXECUTION SUMMARY
2025-11-02 15:38:14,020 [INFO] ============================================================
2025-11-02 15:38:14,021 [INFO] Processed:   0
2025-11-02 15:38:14,021 [INFO] Skipped:     1
2025-11-02 15:38:14,022 [INFO] Failed:      0
2025-11-02 15:38:14,023 [INFO] Space saved: 0.00 MB
2025-11-02 15:38:14,023 [INFO] ============================================================
2025-11-02 15:38:14,199 [INFO] [31m[1mWARNING: This is a development server. Do not use it in a production deployment. Use a production WSGI server instead.[0m
 * Running on http://localhost:8000
2025-11-02 15:38:14,200 [INFO] [33mPress CTRL+C to quit[0m
2025-11-02 15:38:34,736 [INFO] 127.0.0.1 - - [02/Nov/2025 15:38:34] "GET / HTTP/1.1" 200 -
2025-11-02 15:38:35,514 [INFO] 127.0.0.1 - - [02/Nov/2025 15:38:35] "GET /view/000_Project_Manifests/manifest.yml.dml.b64 HTTP/1.1" 200 -
2025-11-02 15:38:42,666 [INFO] 127.0.0.1 - - [02/Nov/2025 15:38:42] "[33mGET /.well-known/appspecific/com.chrome.devtools.json HTTP/1.1[0m" 404 -
