2025-11-02 14:47:23,844 [INFO] Pipeline initialized (dry_run=False, force=False)
2025-11-02 14:47:23,844 [INFO] ============================================================
2025-11-02 14:47:23,845 [INFO] GROK: SUMMARIZE - DML PIPELINE EXECUTION
2025-11-02 14:47:23,845 [INFO] ============================================================
2025-11-02 14:47:23,845 [INFO] ============================================================
2025-11-02 14:47:23,846 [INFO] GROK: SUMMARIZE - DML PIPELINE EXECUTION
2025-11-02 14:47:23,846 [INFO] ============================================================
2025-11-02 14:47:23,873 [INFO] Discovered 39 files in 28 manifest-approved dirs
2025-11-02 14:47:23,873 [INFO]   -> Skipped (up to date): manifest.yml
2025-11-02 14:47:23,874 [INFO]   -> Skipped (up to date): DIRECTORY_MANIFEST.md
2025-11-02 14:47:23,874 [INFO]   -> Skipped (up to date): SETUP_WINDOWS.md
2025-11-02 14:47:23,875 [INFO]   -> Skipped (up to date): DIRECTORY_MANIFEST.md
2025-11-02 14:47:23,875 [INFO]   -> Skipped (up to date): Gitlab_install_instructions.txt
2025-11-02 14:47:23,875 [INFO]   -> Skipped (up to date): DIRECTORY_MANIFEST.md
2025-11-02 14:47:23,876 [INFO]   -> Skipped (up to date): DIRECTORY_MANIFEST.md
2025-11-02 14:47:23,876 [INFO]   -> Skipped (up to date): DIRECTORY_MANIFEST.md
2025-11-02 14:47:23,877 [INFO]   -> Skipped (up to date): DIRECTORY_MANIFEST.md
2025-11-02 14:47:23,878 [INFO]   -> Skipped (up to date): Airflow_install_instructions.txt
2025-11-02 14:47:23,878 [INFO]   -> Skipped (up to date): Prefect_install_instructions.txt
2025-11-02 14:47:23,878 [INFO]   -> Skipped (up to date): DIRECTORY_MANIFEST.md
2025-11-02 14:47:23,879 [INFO]   -> Skipped (up to date): DIRECTORY_MANIFEST.md
2025-11-02 14:47:23,879 [INFO]   -> Skipped (up to date): DIRECTORY_MANIFEST.md
2025-11-02 14:47:23,879 [INFO]   -> Skipped (up to date): DIRECTORY_MANIFEST.md
2025-11-02 14:47:23,880 [INFO]   -> Skipped (up to date): DIRECTORY_MANIFEST.md
2025-11-02 14:47:23,880 [INFO]   -> Skipped (up to date): DIRECTORY_MANIFEST.md
2025-11-02 14:47:23,880 [INFO]   -> Skipped (up to date): DIRECTORY_MANIFEST.md
2025-11-02 14:47:23,881 [INFO]   -> Skipped (up to date): DIRECTORY_MANIFEST.md
2025-11-02 14:47:23,881 [INFO]   -> Skipped (up to date): DIRECTORY_MANIFEST.md
2025-11-02 14:47:23,882 [INFO]   -> Skipped (up to date): DIRECTORY_MANIFEST.md
2025-11-02 14:47:23,882 [INFO]   -> Skipped (up to date): node__docker_instructions.txt
2025-11-02 14:47:23,882 [INFO]   -> Skipped (up to date): DIRECTORY_MANIFEST.md
2025-11-02 14:47:23,883 [INFO]   -> Skipped (up to date): DIRECTORY_MANIFEST.md
2025-11-02 14:47:23,883 [INFO]   -> Skipped (up to date): OhShINT.txt
2025-11-02 14:47:23,883 [INFO]   -> Skipped (up to date): DIRECTORY_MANIFEST.md
2025-11-02 14:47:23,884 [INFO]   -> Skipped (up to date): DIRECTORY_MANIFEST.md
2025-11-02 14:47:23,884 [INFO]   -> Skipped (up to date): DIRECTORY_MANIFEST.md
2025-11-02 14:47:23,884 [INFO]   -> Skipped (up to date): DIRECTORY_MANIFEST.md
2025-11-02 14:47:23,885 [INFO]   -> Skipped (up to date): DIRECTORY_MANIFEST.md
2025-11-02 14:47:23,885 [INFO]   -> Skipped (up to date): auto_download_manifest.json
2025-11-02 14:47:23,885 [INFO]   -> Skipped (up to date): config.yaml
2025-11-02 14:47:23,886 [INFO]   -> Skipped (up to date): grok_config_yaml.txt
2025-11-02 14:47:23,886 [INFO]   -> Skipped (up to date): requirements.txt
2025-11-02 14:47:23,886 [INFO]   -> Skipped (up to date): DIRECTORY_MANIFEST.md
2025-11-02 14:47:23,887 [INFO]   -> Skipped (up to date): TEMPLATE_DIRECTORY_MANIFEST.md
2025-11-02 14:47:23,887 [INFO]   -> Skipped (up to date): project_summary.md
2025-11-02 14:47:23,887 [INFO]   -> Skipped (up to date): filelist_post_mirroring.txt
2025-11-02 14:47:23,888 [INFO]   -> Skipped (up to date): DIRECTORY_MANIFEST.md
2025-11-02 14:47:23,888 [INFO] ============================================================
2025-11-02 14:47:23,888 [INFO] EXECUTION SUMMARY
2025-11-02 14:47:23,889 [INFO] ============================================================
2025-11-02 14:47:23,889 [INFO] Processed:   0
2025-11-02 14:47:23,889 [INFO] Skipped:     39
2025-11-02 14:47:23,890 [INFO] Failed:      0
2025-11-02 14:47:23,890 [INFO] Space saved: 0.00 MB
2025-11-02 14:47:23,891 [INFO] ============================================================
2025-11-02 14:47:23,891 [ERROR] Fatal error: name 'args' is not defined
