2025-11-02 14:05:51,319 [INFO] Pipeline initialized (dry_run=True, force=False)
2025-11-02 14:05:51,320 [INFO] ============================================================
2025-11-02 14:05:51,320 [INFO] GROK: SUMMARIZE - DML PIPELINE EXECUTION
2025-11-02 14:05:51,321 [INFO] ============================================================
2025-11-02 14:05:51,321 [WARNING] DRY RUN MODE - No files will be written
2025-11-02 14:05:51,340 [INFO] Discovered 39 files in 28 manifest-approved dirs
2025-11-02 14:05:51,349 [INFO]   -> [DRY RUN] Would write: E:\NextGen\Offline_IT_Ecosystem\210_Project_Dev_Tools\Summarize\output\000_Project_Manifests\manifest.yml.dml.b64
2025-11-02 14:05:51,351 [INFO]   -> [DRY RUN] Would write: E:\NextGen\Offline_IT_Ecosystem\210_Project_Dev_Tools\Summarize\output\000_Project_Manifests\DIRECTORY_MANIFEST.md.dml.b64
2025-11-02 14:05:51,352 [INFO]   -> [DRY RUN] Would write: E:\NextGen\Offline_IT_Ecosystem\210_Project_Dev_Tools\Summarize\output\000_Project_Manifests\SETUP_WINDOWS.md.dml.b64
2025-11-02 14:05:51,352 [INFO]   -> [DRY RUN] Would write: E:\NextGen\Offline_IT_Ecosystem\210_Project_Dev_Tools\Summarize\output\010_Data_RDBMS_NoSQL\DIRECTORY_MANIFEST.md.dml.b64
2025-11-02 14:05:51,353 [INFO]   -> [DRY RUN] Would write: E:\NextGen\Offline_IT_Ecosystem\210_Project_Dev_Tools\Summarize\output\020_SCM_Version_Control\Gitlab_install_instructions.txt.dml.b64
2025-11-02 14:05:51,353 [INFO]   -> [DRY RUN] Would write: E:\NextGen\Offline_IT_Ecosystem\210_Project_Dev_Tools\Summarize\output\020_SCM_Version_Control\DIRECTORY_MANIFEST.md.dml.b64
2025-11-02 14:05:51,354 [INFO]   -> [DRY RUN] Would write: E:\NextGen\Offline_IT_Ecosystem\210_Project_Dev_Tools\Summarize\output\030_Auth_Identity_Management\DIRECTORY_MANIFEST.md.dml.b64
2025-11-02 14:05:51,354 [INFO]   -> [DRY RUN] Would write: E:\NextGen\Offline_IT_Ecosystem\210_Project_Dev_Tools\Summarize\output\040_Web_Server_Frontend\DIRECTORY_MANIFEST.md.dml.b64
2025-11-02 14:05:51,355 [INFO]   -> [DRY RUN] Would write: E:\NextGen\Offline_IT_Ecosystem\210_Project_Dev_Tools\Summarize\output\050_Network_Core_Services\DIRECTORY_MANIFEST.md.dml.b64
2025-11-02 14:05:51,355 [INFO]   -> [DRY RUN] Would write: E:\NextGen\Offline_IT_Ecosystem\210_Project_Dev_Tools\Summarize\output\060_Virtualization_Containerization\Airflow_install_instructions.txt.dml.b64
2025-11-02 14:05:51,356 [INFO]   -> [DRY RUN] Would write: E:\NextGen\Offline_IT_Ecosystem\210_Project_Dev_Tools\Summarize\output\060_Virtualization_Containerization\Prefect_install_instructions.txt.dml.b64
2025-11-02 14:05:51,356 [INFO]   -> [DRY RUN] Would write: E:\NextGen\Offline_IT_Ecosystem\210_Project_Dev_Tools\Summarize\output\060_Virtualization_Containerization\DIRECTORY_MANIFEST.md.dml.b64
2025-11-02 14:05:51,358 [INFO]   -> [DRY RUN] Would write: E:\NextGen\Offline_IT_Ecosystem\210_Project_Dev_Tools\Summarize\output\070_DevOps_CI_CD\DIRECTORY_MANIFEST.md.dml.b64
2025-11-02 14:05:51,358 [INFO]   -> [DRY RUN] Would write: E:\NextGen\Offline_IT_Ecosystem\210_Project_Dev_Tools\Summarize\output\080_Observability_ELK_Stack\DIRECTORY_MANIFEST.md.dml.b64
2025-11-02 14:05:51,359 [INFO]   -> [DRY RUN] Would write: E:\NextGen\Offline_IT_Ecosystem\210_Project_Dev_Tools\Summarize\output\090_Messaging_IoT_Broker\DIRECTORY_MANIFEST.md.dml.b64
2025-11-02 14:05:51,359 [INFO]   -> [DRY RUN] Would write: E:\NextGen\Offline_IT_Ecosystem\210_Project_Dev_Tools\Summarize\output\105_System_Automation_Scripts\DIRECTORY_MANIFEST.md.dml.b64
2025-11-02 14:05:51,360 [INFO]   -> [DRY RUN] Would write: E:\NextGen\Offline_IT_Ecosystem\210_Project_Dev_Tools\Summarize\output\110_Cybersecurity_Pentest\DIRECTORY_MANIFEST.md.dml.b64
2025-11-02 14:05:51,360 [INFO]   -> [DRY RUN] Would write: E:\NextGen\Offline_IT_Ecosystem\210_Project_Dev_Tools\Summarize\output\120_Blockchain_Crypto\DIRECTORY_MANIFEST.md.dml.b64
2025-11-02 14:05:51,361 [INFO]   -> [DRY RUN] Would write: E:\NextGen\Offline_IT_Ecosystem\210_Project_Dev_Tools\Summarize\output\130_MUD_IRC_Community\DIRECTORY_MANIFEST.md.dml.b64
2025-11-02 14:05:51,361 [INFO]   -> [DRY RUN] Would write: E:\NextGen\Offline_IT_Ecosystem\210_Project_Dev_Tools\Summarize\output\140_Game_Development\DIRECTORY_MANIFEST.md.dml.b64
2025-11-02 14:05:51,362 [INFO]   -> [DRY RUN] Would write: E:\NextGen\Offline_IT_Ecosystem\210_Project_Dev_Tools\Summarize\output\150_Offline_Chat_Messaging\DIRECTORY_MANIFEST.md.dml.b64
2025-11-02 14:05:51,362 [INFO]   -> [DRY RUN] Would write: E:\NextGen\Offline_IT_Ecosystem\210_Project_Dev_Tools\Summarize\output\160_Mirror_Tool_Dependencies\NODE\node__docker_instructions.txt.dml.b64
2025-11-02 14:05:51,363 [INFO]   -> [DRY RUN] Would write: E:\NextGen\Offline_IT_Ecosystem\210_Project_Dev_Tools\Summarize\output\160_Mirror_Tool_Dependencies\DIRECTORY_MANIFEST.md.dml.b64
2025-11-02 14:05:51,363 [INFO]   -> [DRY RUN] Would write: E:\NextGen\Offline_IT_Ecosystem\210_Project_Dev_Tools\Summarize\output\170_OS_Security_Baselines\DIRECTORY_MANIFEST.md.dml.b64
2025-11-02 14:05:51,364 [INFO]   -> [DRY RUN] Would write: E:\NextGen\Offline_IT_Ecosystem\210_Project_Dev_Tools\Summarize\output\180_Open_Source_Intelligence\Datasets\OhShINT.txt.dml.b64
2025-11-02 14:05:51,364 [INFO]   -> [DRY RUN] Would write: E:\NextGen\Offline_IT_Ecosystem\210_Project_Dev_Tools\Summarize\output\180_Open_Source_Intelligence\DIRECTORY_MANIFEST.md.dml.b64
2025-11-02 14:05:51,365 [INFO]   -> [DRY RUN] Would write: E:\NextGen\Offline_IT_Ecosystem\210_Project_Dev_Tools\Summarize\output\190_Local_CDN_Caching\DIRECTORY_MANIFEST.md.dml.b64
2025-11-02 14:05:51,365 [INFO]   -> [DRY RUN] Would write: E:\NextGen\Offline_IT_Ecosystem\210_Project_Dev_Tools\Summarize\output\195_Documentation_Knowledge_Base\DIRECTORY_MANIFEST.md.dml.b64
2025-11-02 14:05:51,365 [INFO]   -> [DRY RUN] Would write: E:\NextGen\Offline_IT_Ecosystem\210_Project_Dev_Tools\Summarize\output\200_Content_Data_Source\DIRECTORY_MANIFEST.md.dml.b64
2025-11-02 14:05:51,366 [INFO]   -> [DRY RUN] Would write: E:\NextGen\Offline_IT_Ecosystem\210_Project_Dev_Tools\Summarize\output\210_Project_Dev_Tools\DIRECTORY_MANIFEST.md.dml.b64
2025-11-02 14:05:51,366 [INFO]   -> [DRY RUN] Would write: E:\NextGen\Offline_IT_Ecosystem\210_Project_Dev_Tools\Summarize\output\990_Project_Automation\auto_download_manifest.json.dml.b64
2025-11-02 14:05:51,370 [INFO]   -> [DRY RUN] Would write: E:\NextGen\Offline_IT_Ecosystem\210_Project_Dev_Tools\Summarize\output\990_Project_Automation\Pipeline\config.yaml.dml.b64
2025-11-02 14:05:51,370 [INFO]   -> [DRY RUN] Would write: E:\NextGen\Offline_IT_Ecosystem\210_Project_Dev_Tools\Summarize\output\990_Project_Automation\Pipeline\grok_config_yaml.txt.dml.b64
2025-11-02 14:05:51,371 [INFO]   -> [DRY RUN] Would write: E:\NextGen\Offline_IT_Ecosystem\210_Project_Dev_Tools\Summarize\output\990_Project_Automation\Pipeline\requirements.txt.dml.b64
2025-11-02 14:05:51,371 [INFO]   -> [DRY RUN] Would write: E:\NextGen\Offline_IT_Ecosystem\210_Project_Dev_Tools\Summarize\output\990_Project_Automation\DIRECTORY_MANIFEST.md.dml.b64
2025-11-02 14:05:51,374 [INFO]   -> [DRY RUN] Would write: E:\NextGen\Offline_IT_Ecosystem\210_Project_Dev_Tools\Summarize\output\990_Project_Automation\TEMPLATE_DIRECTORY_MANIFEST.md.dml.b64
2025-11-02 14:05:51,374 [INFO]   -> [DRY RUN] Would write: E:\NextGen\Offline_IT_Ecosystem\210_Project_Dev_Tools\Summarize\output\990_Project_Automation\Pipeline\project_summary.md.dml.b64
2025-11-02 14:05:51,375 [INFO]   -> [DRY RUN] Would write: E:\NextGen\Offline_IT_Ecosystem\210_Project_Dev_Tools\Summarize\output\995_Project_Logs\filelist_post_mirroring.txt.dml.b64
2025-11-02 14:05:51,376 [INFO]   -> [DRY RUN] Would write: E:\NextGen\Offline_IT_Ecosystem\210_Project_Dev_Tools\Summarize\output\995_Project_Logs\DIRECTORY_MANIFEST.md.dml.b64
2025-11-02 14:05:51,376 [INFO] ============================================================
2025-11-02 14:05:51,376 [INFO] EXECUTION SUMMARY
2025-11-02 14:05:51,377 [INFO] ============================================================
2025-11-02 14:05:51,377 [INFO] Processed:   39
2025-11-02 14:05:51,377 [INFO] Skipped:     0
2025-11-02 14:05:51,378 [INFO] Failed:      0
2025-11-02 14:05:51,378 [INFO] Space saved: -0.04 MB
2025-11-02 14:05:51,379 [INFO] ============================================================
