2025-11-02 16:26:38,335 [INFO] Pipeline initialized (dry_run=False, force=False)
2025-11-02 16:26:38,335 [INFO] ============================================================
2025-11-02 16:26:38,336 [INFO] GROK: SUMMARIZE - DML PIPELINE EXECUTION
2025-11-02 16:26:38,337 [INFO] ============================================================
2025-11-02 16:26:38,339 [INFO] ============================================================
2025-11-02 16:26:38,339 [INFO] GROK: SUMMARIZE - DML PIPELINE EXECUTION
2025-11-02 16:26:38,340 [INFO] ============================================================
2025-11-02 16:26:38,367 [INFO] Discovered 40 files in 29 manifest-approved dirs
2025-11-02 16:26:38,367 [INFO]   -> Skipped (up to date): manifest.yml
2025-11-02 16:26:38,368 [INFO]   -> Skipped (up to date): DIRECTORY_MANIFEST.md
2025-11-02 16:26:38,369 [INFO]   -> Skipped (up to date): SETUP_WINDOWS.md
2025-11-02 16:26:38,370 [INFO]   -> Skipped (up to date): DIRECTORY_MANIFEST.md
2025-11-02 16:26:38,370 [INFO]   -> Skipped (up to date): Gitlab_install_instructions.txt
2025-11-02 16:26:38,370 [INFO]   -> Skipped (up to date): DIRECTORY_MANIFEST.md
2025-11-02 16:26:38,371 [INFO]   -> Skipped (up to date): DIRECTORY_MANIFEST.md
2025-11-02 16:26:38,372 [INFO]   -> Skipped (up to date): DIRECTORY_MANIFEST.md
2025-11-02 16:26:38,372 [INFO]   -> Skipped (up to date): DIRECTORY_MANIFEST.md
2025-11-02 16:26:38,373 [INFO]   -> Skipped (up to date): Airflow_install_instructions.txt
2025-11-02 16:26:38,373 [INFO]   -> Skipped (up to date): Prefect_install_instructions.txt
2025-11-02 16:26:38,374 [INFO]   -> Skipped (up to date): DIRECTORY_MANIFEST.md
2025-11-02 16:26:38,374 [INFO]   -> Skipped (up to date): DIRECTORY_MANIFEST.md
2025-11-02 16:26:38,375 [INFO]   -> Skipped (up to date): DIRECTORY_MANIFEST.md
2025-11-02 16:26:38,375 [INFO]   -> Skipped (up to date): DIRECTORY_MANIFEST.md
2025-11-02 16:26:38,375 [INFO]   -> Skipped (up to date): DIRECTORY_MANIFEST.md
2025-11-02 16:26:38,376 [INFO]   -> Skipped (up to date): DIRECTORY_MANIFEST.md
2025-11-02 16:26:38,376 [INFO]   -> Skipped (up to date): DIRECTORY_MANIFEST.md
2025-11-02 16:26:38,377 [INFO]   -> Skipped (up to date): DIRECTORY_MANIFEST.md
2025-11-02 16:26:38,377 [INFO]   -> Skipped (up to date): DIRECTORY_MANIFEST.md
2025-11-02 16:26:38,377 [INFO]   -> Skipped (up to date): DIRECTORY_MANIFEST.md
2025-11-02 16:26:38,378 [INFO]   -> Skipped (up to date): node__docker_instructions.txt
2025-11-02 16:26:38,378 [INFO]   -> Skipped (up to date): DIRECTORY_MANIFEST.md
2025-11-02 16:26:38,378 [INFO]   -> Skipped (up to date): DIRECTORY_MANIFEST.md
2025-11-02 16:26:38,379 [INFO]   -> Skipped (up to date): OhShINT.txt
2025-11-02 16:26:38,379 [INFO]   -> Skipped (up to date): DIRECTORY_MANIFEST.md
2025-11-02 16:26:38,380 [INFO]   -> Skipped (up to date): DIRECTORY_MANIFEST.md
2025-11-02 16:26:38,381 [INFO]   -> Skipped (up to date): DIRECTORY_MANIFEST.md
2025-11-02 16:26:38,382 [INFO]   -> Skipped (up to date): DIRECTORY_MANIFEST.md
2025-11-02 16:26:38,382 [INFO]   -> Skipped (up to date): DIRECTORY_MANIFEST.md
2025-11-02 16:26:38,383 [INFO]   -> Skipped (up to date): DML_SUMMARY.md
2025-11-02 16:26:38,383 [INFO]   -> Skipped (up to date): auto_download_manifest.json
2025-11-02 16:26:38,383 [INFO]   -> Skipped (up to date): config.yaml
2025-11-02 16:26:38,384 [INFO]   -> Skipped (up to date): grok_config_yaml.txt
2025-11-02 16:26:38,384 [INFO]   -> Skipped (up to date): requirements.txt
2025-11-02 16:26:38,384 [INFO]   -> Skipped (up to date): DIRECTORY_MANIFEST.md
2025-11-02 16:26:38,385 [INFO]   -> Skipped (up to date): TEMPLATE_DIRECTORY_MANIFEST.md
2025-11-02 16:26:38,385 [INFO]   -> Skipped (up to date): project_summary.md
2025-11-02 16:26:38,385 [INFO]   -> Skipped (up to date): filelist_post_mirroring.txt
2025-11-02 16:26:38,386 [INFO]   -> Skipped (up to date): DIRECTORY_MANIFEST.md
2025-11-02 16:26:38,386 [INFO] ============================================================
2025-11-02 16:26:38,386 [INFO] EXECUTION SUMMARY
2025-11-02 16:26:38,387 [INFO] ============================================================
2025-11-02 16:26:38,387 [INFO] Processed:   0
2025-11-02 16:26:38,388 [INFO] Skipped:     40
2025-11-02 16:26:38,388 [INFO] Failed:      0
2025-11-02 16:26:38,388 [INFO] Space saved: 0.00 MB
2025-11-02 16:26:38,389 [INFO] ============================================================
2025-11-02 16:26:38,569 [INFO] [31m[1mWARNING: This is a development server. Do not use it in a production deployment. Use a production WSGI server instead.[0m
 * Running on http://localhost:5000
2025-11-02 16:26:38,570 [INFO] [33mPress CTRL+C to quit[0m
2025-11-02 16:26:50,168 [INFO] 127.0.0.1 - - [02/Nov/2025 16:26:50] "GET /api/v1/dml/000_Project_Manifests/manifest.yml.dml.b64 HTTP/1.1" 200 -
