2025-11-02 13:57:03,922 [INFO] Pipeline initialized (dry_run=True, force=False)
2025-11-02 13:57:03,922 [INFO] ============================================================
2025-11-02 13:57:03,923 [INFO] GROK: SUMMARIZE - DML PIPELINE EXECUTION
2025-11-02 13:57:03,923 [INFO] ============================================================
2025-11-02 13:57:03,923 [WARNING] DRY RUN MODE - No files will be written
2025-11-02 13:57:03,941 [INFO] Discovered 39 files in 28 manifest-approved dirs
2025-11-02 13:57:03,941 [INFO] Processing: E:\NextGen\Offline_IT_Ecosystem\000_Project_Manifests\manifest.yml
2025-11-02 13:57:03,949 [ERROR]   -> Failed: E:\NextGen\Offline_IT_Ecosystem\000_Project_Manifests\manifest.yml - DataCleaner.clean_and_standardize() takes 2 positional arguments but 3 were given
2025-11-02 13:57:03,950 [INFO] Processing: E:\NextGen\Offline_IT_Ecosystem\000_Project_Manifests\DIRECTORY_MANIFEST.md
2025-11-02 13:57:03,950 [ERROR]   -> Failed: E:\NextGen\Offline_IT_Ecosystem\000_Project_Manifests\DIRECTORY_MANIFEST.md - DataCleaner.clean_and_standardize() takes 2 positional arguments but 3 were given
2025-11-02 13:57:03,951 [INFO] Processing: E:\NextGen\Offline_IT_Ecosystem\000_Project_Manifests\SETUP_WINDOWS.md
2025-11-02 13:57:03,951 [ERROR]   -> Failed: E:\NextGen\Offline_IT_Ecosystem\000_Project_Manifests\SETUP_WINDOWS.md - DataCleaner.clean_and_standardize() takes 2 positional arguments but 3 were given
2025-11-02 13:57:03,952 [INFO] Processing: E:\NextGen\Offline_IT_Ecosystem\010_Data_RDBMS_NoSQL\DIRECTORY_MANIFEST.md
2025-11-02 13:57:03,952 [ERROR]   -> Failed: E:\NextGen\Offline_IT_Ecosystem\010_Data_RDBMS_NoSQL\DIRECTORY_MANIFEST.md - DataCleaner.clean_and_standardize() takes 2 positional arguments but 3 were given
2025-11-02 13:57:03,952 [INFO] Processing: E:\NextGen\Offline_IT_Ecosystem\020_SCM_Version_Control\Gitlab_install_instructions.txt
2025-11-02 13:57:03,953 [ERROR]   -> Failed: E:\NextGen\Offline_IT_Ecosystem\020_SCM_Version_Control\Gitlab_install_instructions.txt - DataCleaner.clean_and_standardize() takes 2 positional arguments but 3 were given
2025-11-02 13:57:03,953 [INFO] Processing: E:\NextGen\Offline_IT_Ecosystem\020_SCM_Version_Control\DIRECTORY_MANIFEST.md
2025-11-02 13:57:03,954 [ERROR]   -> Failed: E:\NextGen\Offline_IT_Ecosystem\020_SCM_Version_Control\DIRECTORY_MANIFEST.md - DataCleaner.clean_and_standardize() takes 2 positional arguments but 3 were given
2025-11-02 13:57:03,954 [INFO] Processing: E:\NextGen\Offline_IT_Ecosystem\030_Auth_Identity_Management\DIRECTORY_MANIFEST.md
2025-11-02 13:57:03,956 [ERROR]   -> Failed: E:\NextGen\Offline_IT_Ecosystem\030_Auth_Identity_Management\DIRECTORY_MANIFEST.md - DataCleaner.clean_and_standardize() takes 2 positional arguments but 3 were given
2025-11-02 13:57:03,957 [INFO] Processing: E:\NextGen\Offline_IT_Ecosystem\040_Web_Server_Frontend\DIRECTORY_MANIFEST.md
2025-11-02 13:57:03,958 [ERROR]   -> Failed: E:\NextGen\Offline_IT_Ecosystem\040_Web_Server_Frontend\DIRECTORY_MANIFEST.md - DataCleaner.clean_and_standardize() takes 2 positional arguments but 3 were given
2025-11-02 13:57:03,959 [INFO] Processing: E:\NextGen\Offline_IT_Ecosystem\050_Network_Core_Services\DIRECTORY_MANIFEST.md
2025-11-02 13:57:03,960 [ERROR]   -> Failed: E:\NextGen\Offline_IT_Ecosystem\050_Network_Core_Services\DIRECTORY_MANIFEST.md - DataCleaner.clean_and_standardize() takes 2 positional arguments but 3 were given
2025-11-02 13:57:03,960 [INFO] Processing: E:\NextGen\Offline_IT_Ecosystem\060_Virtualization_Containerization\Airflow_install_instructions.txt
2025-11-02 13:57:03,961 [ERROR]   -> Failed: E:\NextGen\Offline_IT_Ecosystem\060_Virtualization_Containerization\Airflow_install_instructions.txt - DataCleaner.clean_and_standardize() takes 2 positional arguments but 3 were given
2025-11-02 13:57:03,961 [INFO] Processing: E:\NextGen\Offline_IT_Ecosystem\060_Virtualization_Containerization\Prefect_install_instructions.txt
2025-11-02 13:57:03,962 [ERROR]   -> Failed: E:\NextGen\Offline_IT_Ecosystem\060_Virtualization_Containerization\Prefect_install_instructions.txt - DataCleaner.clean_and_standardize() takes 2 positional arguments but 3 were given
2025-11-02 13:57:03,962 [INFO] Processing: E:\NextGen\Offline_IT_Ecosystem\060_Virtualization_Containerization\DIRECTORY_MANIFEST.md
2025-11-02 13:57:03,963 [ERROR]   -> Failed: E:\NextGen\Offline_IT_Ecosystem\060_Virtualization_Containerization\DIRECTORY_MANIFEST.md - DataCleaner.clean_and_standardize() takes 2 positional arguments but 3 were given
2025-11-02 13:57:03,963 [INFO] Processing: E:\NextGen\Offline_IT_Ecosystem\070_DevOps_CI_CD\DIRECTORY_MANIFEST.md
2025-11-02 13:57:03,963 [ERROR]   -> Failed: E:\NextGen\Offline_IT_Ecosystem\070_DevOps_CI_CD\DIRECTORY_MANIFEST.md - DataCleaner.clean_and_standardize() takes 2 positional arguments but 3 were given
2025-11-02 13:57:03,964 [INFO] Processing: E:\NextGen\Offline_IT_Ecosystem\080_Observability_ELK_Stack\DIRECTORY_MANIFEST.md
2025-11-02 13:57:03,964 [ERROR]   -> Failed: E:\NextGen\Offline_IT_Ecosystem\080_Observability_ELK_Stack\DIRECTORY_MANIFEST.md - DataCleaner.clean_and_standardize() takes 2 positional arguments but 3 were given
2025-11-02 13:57:03,965 [INFO] Processing: E:\NextGen\Offline_IT_Ecosystem\090_Messaging_IoT_Broker\DIRECTORY_MANIFEST.md
2025-11-02 13:57:03,965 [ERROR]   -> Failed: E:\NextGen\Offline_IT_Ecosystem\090_Messaging_IoT_Broker\DIRECTORY_MANIFEST.md - DataCleaner.clean_and_standardize() takes 2 positional arguments but 3 were given
2025-11-02 13:57:03,966 [INFO] Processing: E:\NextGen\Offline_IT_Ecosystem\105_System_Automation_Scripts\DIRECTORY_MANIFEST.md
2025-11-02 13:57:03,966 [ERROR]   -> Failed: E:\NextGen\Offline_IT_Ecosystem\105_System_Automation_Scripts\DIRECTORY_MANIFEST.md - DataCleaner.clean_and_standardize() takes 2 positional arguments but 3 were given
2025-11-02 13:57:03,967 [INFO] Processing: E:\NextGen\Offline_IT_Ecosystem\110_Cybersecurity_Pentest\DIRECTORY_MANIFEST.md
2025-11-02 13:57:03,967 [ERROR]   -> Failed: E:\NextGen\Offline_IT_Ecosystem\110_Cybersecurity_Pentest\DIRECTORY_MANIFEST.md - DataCleaner.clean_and_standardize() takes 2 positional arguments but 3 were given
2025-11-02 13:57:03,967 [INFO] Processing: E:\NextGen\Offline_IT_Ecosystem\120_Blockchain_Crypto\DIRECTORY_MANIFEST.md
2025-11-02 13:57:03,968 [ERROR]   -> Failed: E:\NextGen\Offline_IT_Ecosystem\120_Blockchain_Crypto\DIRECTORY_MANIFEST.md - DataCleaner.clean_and_standardize() takes 2 positional arguments but 3 were given
2025-11-02 13:57:03,968 [INFO] Processing: E:\NextGen\Offline_IT_Ecosystem\130_MUD_IRC_Community\DIRECTORY_MANIFEST.md
2025-11-02 13:57:03,969 [ERROR]   -> Failed: E:\NextGen\Offline_IT_Ecosystem\130_MUD_IRC_Community\DIRECTORY_MANIFEST.md - DataCleaner.clean_and_standardize() takes 2 positional arguments but 3 were given
2025-11-02 13:57:03,969 [INFO] Processing: E:\NextGen\Offline_IT_Ecosystem\140_Game_Development\DIRECTORY_MANIFEST.md
2025-11-02 13:57:03,970 [ERROR]   -> Failed: E:\NextGen\Offline_IT_Ecosystem\140_Game_Development\DIRECTORY_MANIFEST.md - DataCleaner.clean_and_standardize() takes 2 positional arguments but 3 were given
2025-11-02 13:57:03,970 [INFO] Processing: E:\NextGen\Offline_IT_Ecosystem\150_Offline_Chat_Messaging\DIRECTORY_MANIFEST.md
2025-11-02 13:57:03,971 [ERROR]   -> Failed: E:\NextGen\Offline_IT_Ecosystem\150_Offline_Chat_Messaging\DIRECTORY_MANIFEST.md - DataCleaner.clean_and_standardize() takes 2 positional arguments but 3 were given
2025-11-02 13:57:03,972 [INFO] Processing: E:\NextGen\Offline_IT_Ecosystem\160_Mirror_Tool_Dependencies\NODE\node__docker_instructions.txt
2025-11-02 13:57:03,973 [ERROR]   -> Failed: E:\NextGen\Offline_IT_Ecosystem\160_Mirror_Tool_Dependencies\NODE\node__docker_instructions.txt - DataCleaner.clean_and_standardize() takes 2 positional arguments but 3 were given
2025-11-02 13:57:03,973 [INFO] Processing: E:\NextGen\Offline_IT_Ecosystem\160_Mirror_Tool_Dependencies\DIRECTORY_MANIFEST.md
2025-11-02 13:57:03,974 [ERROR]   -> Failed: E:\NextGen\Offline_IT_Ecosystem\160_Mirror_Tool_Dependencies\DIRECTORY_MANIFEST.md - DataCleaner.clean_and_standardize() takes 2 positional arguments but 3 were given
2025-11-02 13:57:03,974 [INFO] Processing: E:\NextGen\Offline_IT_Ecosystem\170_OS_Security_Baselines\DIRECTORY_MANIFEST.md
2025-11-02 13:57:03,975 [ERROR]   -> Failed: E:\NextGen\Offline_IT_Ecosystem\170_OS_Security_Baselines\DIRECTORY_MANIFEST.md - DataCleaner.clean_and_standardize() takes 2 positional arguments but 3 were given
2025-11-02 13:57:03,975 [INFO] Processing: E:\NextGen\Offline_IT_Ecosystem\180_Open_Source_Intelligence\Datasets\OhShINT.txt
2025-11-02 13:57:03,976 [ERROR]   -> Failed: E:\NextGen\Offline_IT_Ecosystem\180_Open_Source_Intelligence\Datasets\OhShINT.txt - DataCleaner.clean_and_standardize() takes 2 positional arguments but 3 were given
2025-11-02 13:57:03,976 [INFO] Processing: E:\NextGen\Offline_IT_Ecosystem\180_Open_Source_Intelligence\DIRECTORY_MANIFEST.md
2025-11-02 13:57:03,977 [ERROR]   -> Failed: E:\NextGen\Offline_IT_Ecosystem\180_Open_Source_Intelligence\DIRECTORY_MANIFEST.md - DataCleaner.clean_and_standardize() takes 2 positional arguments but 3 were given
2025-11-02 13:57:03,977 [INFO] Processing: E:\NextGen\Offline_IT_Ecosystem\190_Local_CDN_Caching\DIRECTORY_MANIFEST.md
2025-11-02 13:57:03,978 [ERROR]   -> Failed: E:\NextGen\Offline_IT_Ecosystem\190_Local_CDN_Caching\DIRECTORY_MANIFEST.md - DataCleaner.clean_and_standardize() takes 2 positional arguments but 3 were given
2025-11-02 13:57:03,978 [INFO] Processing: E:\NextGen\Offline_IT_Ecosystem\195_Documentation_Knowledge_Base\DIRECTORY_MANIFEST.md
2025-11-02 13:57:03,979 [ERROR]   -> Failed: E:\NextGen\Offline_IT_Ecosystem\195_Documentation_Knowledge_Base\DIRECTORY_MANIFEST.md - DataCleaner.clean_and_standardize() takes 2 positional arguments but 3 were given
2025-11-02 13:57:03,979 [INFO] Processing: E:\NextGen\Offline_IT_Ecosystem\200_Content_Data_Source\DIRECTORY_MANIFEST.md
2025-11-02 13:57:03,979 [ERROR]   -> Failed: E:\NextGen\Offline_IT_Ecosystem\200_Content_Data_Source\DIRECTORY_MANIFEST.md - DataCleaner.clean_and_standardize() takes 2 positional arguments but 3 were given
2025-11-02 13:57:03,980 [INFO] Processing: E:\NextGen\Offline_IT_Ecosystem\210_Project_Dev_Tools\DIRECTORY_MANIFEST.md
2025-11-02 13:57:03,980 [ERROR]   -> Failed: E:\NextGen\Offline_IT_Ecosystem\210_Project_Dev_Tools\DIRECTORY_MANIFEST.md - DataCleaner.clean_and_standardize() takes 2 positional arguments but 3 were given
2025-11-02 13:57:03,981 [INFO] Processing: E:\NextGen\Offline_IT_Ecosystem\990_Project_Automation\auto_download_manifest.json
2025-11-02 13:57:03,981 [ERROR]   -> Failed: E:\NextGen\Offline_IT_Ecosystem\990_Project_Automation\auto_download_manifest.json - DataCleaner.clean_and_standardize() takes 2 positional arguments but 3 were given
2025-11-02 13:57:03,981 [INFO] Processing: E:\NextGen\Offline_IT_Ecosystem\990_Project_Automation\Pipeline\config.yaml
2025-11-02 13:57:03,985 [ERROR]   -> Failed: E:\NextGen\Offline_IT_Ecosystem\990_Project_Automation\Pipeline\config.yaml - DataCleaner.clean_and_standardize() takes 2 positional arguments but 3 were given
2025-11-02 13:57:03,985 [INFO] Processing: E:\NextGen\Offline_IT_Ecosystem\990_Project_Automation\Pipeline\grok_config_yaml.txt
2025-11-02 13:57:03,986 [ERROR]   -> Failed: E:\NextGen\Offline_IT_Ecosystem\990_Project_Automation\Pipeline\grok_config_yaml.txt - DataCleaner.clean_and_standardize() takes 2 positional arguments but 3 were given
2025-11-02 13:57:03,986 [INFO] Processing: E:\NextGen\Offline_IT_Ecosystem\990_Project_Automation\Pipeline\requirements.txt
2025-11-02 13:57:03,987 [ERROR]   -> Failed: E:\NextGen\Offline_IT_Ecosystem\990_Project_Automation\Pipeline\requirements.txt - DataCleaner.clean_and_standardize() takes 2 positional arguments but 3 were given
2025-11-02 13:57:03,988 [INFO] Processing: E:\NextGen\Offline_IT_Ecosystem\990_Project_Automation\DIRECTORY_MANIFEST.md
2025-11-02 13:57:03,989 [ERROR]   -> Failed: E:\NextGen\Offline_IT_Ecosystem\990_Project_Automation\DIRECTORY_MANIFEST.md - DataCleaner.clean_and_standardize() takes 2 positional arguments but 3 were given
2025-11-02 13:57:03,989 [INFO] Processing: E:\NextGen\Offline_IT_Ecosystem\990_Project_Automation\TEMPLATE_DIRECTORY_MANIFEST.md
2025-11-02 13:57:03,990 [ERROR]   -> Failed: E:\NextGen\Offline_IT_Ecosystem\990_Project_Automation\TEMPLATE_DIRECTORY_MANIFEST.md - DataCleaner.clean_and_standardize() takes 2 positional arguments but 3 were given
2025-11-02 13:57:03,990 [INFO] Processing: E:\NextGen\Offline_IT_Ecosystem\990_Project_Automation\Pipeline\project_summary.md
2025-11-02 13:57:03,991 [ERROR]   -> Failed: E:\NextGen\Offline_IT_Ecosystem\990_Project_Automation\Pipeline\project_summary.md - DataCleaner.clean_and_standardize() takes 2 positional arguments but 3 were given
2025-11-02 13:57:03,991 [INFO] Processing: E:\NextGen\Offline_IT_Ecosystem\995_Project_Logs\filelist_post_mirroring.txt
2025-11-02 13:57:03,992 [ERROR]   -> Failed: E:\NextGen\Offline_IT_Ecosystem\995_Project_Logs\filelist_post_mirroring.txt - DataCleaner.clean_and_standardize() takes 2 positional arguments but 3 were given
2025-11-02 13:57:03,992 [INFO] Processing: E:\NextGen\Offline_IT_Ecosystem\995_Project_Logs\DIRECTORY_MANIFEST.md
2025-11-02 13:57:03,993 [ERROR]   -> Failed: E:\NextGen\Offline_IT_Ecosystem\995_Project_Logs\DIRECTORY_MANIFEST.md - DataCleaner.clean_and_standardize() takes 2 positional arguments but 3 were given
2025-11-02 13:57:03,993 [INFO] ============================================================
2025-11-02 13:57:03,994 [INFO] EXECUTION SUMMARY
2025-11-02 13:57:03,994 [INFO] ============================================================
2025-11-02 13:57:03,994 [INFO] Processed:   0
2025-11-02 13:57:03,995 [INFO] Skipped:     0
2025-11-02 13:57:03,995 [INFO] Failed:      39
2025-11-02 13:57:03,995 [INFO] Space saved: 0.00 MB
2025-11-02 13:57:03,996 [INFO] ============================================================
