2025-11-02 16:23:22,585 [INFO] Pipeline initialized (dry_run=False, force=False)
2025-11-02 16:23:22,585 [INFO] ============================================================
2025-11-02 16:23:22,586 [INFO] GROK: SUMMARIZE - DML PIPELINE EXECUTION
2025-11-02 16:23:22,587 [INFO] ============================================================
2025-11-02 16:23:22,589 [INFO] ============================================================
2025-11-02 16:23:22,589 [INFO] GROK: SUMMARIZE - DML PIPELINE EXECUTION
2025-11-02 16:23:22,590 [INFO] ============================================================
2025-11-02 16:23:22,616 [INFO] Discovered 40 files in 29 manifest-approved dirs
2025-11-02 16:23:22,617 [INFO]   -> Skipped (up to date): manifest.yml
2025-11-02 16:23:22,617 [INFO]   -> Skipped (up to date): DIRECTORY_MANIFEST.md
2025-11-02 16:23:22,618 [INFO]   -> Skipped (up to date): SETUP_WINDOWS.md
2025-11-02 16:23:22,619 [INFO]   -> Skipped (up to date): DIRECTORY_MANIFEST.md
2025-11-02 16:23:22,619 [INFO]   -> Skipped (up to date): Gitlab_install_instructions.txt
2025-11-02 16:23:22,619 [INFO]   -> Skipped (up to date): DIRECTORY_MANIFEST.md
2025-11-02 16:23:22,620 [INFO]   -> Skipped (up to date): DIRECTORY_MANIFEST.md
2025-11-02 16:23:22,620 [INFO]   -> Skipped (up to date): DIRECTORY_MANIFEST.md
2025-11-02 16:23:22,621 [INFO]   -> Skipped (up to date): DIRECTORY_MANIFEST.md
2025-11-02 16:23:22,621 [INFO]   -> Skipped (up to date): Airflow_install_instructions.txt
2025-11-02 16:23:22,621 [INFO]   -> Skipped (up to date): Prefect_install_instructions.txt
2025-11-02 16:23:22,622 [INFO]   -> Skipped (up to date): DIRECTORY_MANIFEST.md
2025-11-02 16:23:22,622 [INFO]   -> Skipped (up to date): DIRECTORY_MANIFEST.md
2025-11-02 16:23:22,622 [INFO]   -> Skipped (up to date): DIRECTORY_MANIFEST.md
2025-11-02 16:23:22,623 [INFO]   -> Skipped (up to date): DIRECTORY_MANIFEST.md
2025-11-02 16:23:22,623 [INFO]   -> Skipped (up to date): DIRECTORY_MANIFEST.md
2025-11-02 16:23:22,623 [INFO]   -> Skipped (up to date): DIRECTORY_MANIFEST.md
2025-11-02 16:23:22,624 [INFO]   -> Skipped (up to date): DIRECTORY_MANIFEST.md
2025-11-02 16:23:22,624 [INFO]   -> Skipped (up to date): DIRECTORY_MANIFEST.md
2025-11-02 16:23:22,624 [INFO]   -> Skipped (up to date): DIRECTORY_MANIFEST.md
2025-11-02 16:23:22,625 [INFO]   -> Skipped (up to date): DIRECTORY_MANIFEST.md
2025-11-02 16:23:22,625 [INFO]   -> Skipped (up to date): node__docker_instructions.txt
2025-11-02 16:23:22,626 [INFO]   -> Skipped (up to date): DIRECTORY_MANIFEST.md
2025-11-02 16:23:22,626 [INFO]   -> Skipped (up to date): DIRECTORY_MANIFEST.md
2025-11-02 16:23:22,626 [INFO]   -> Skipped (up to date): OhShINT.txt
2025-11-02 16:23:22,627 [INFO]   -> Skipped (up to date): DIRECTORY_MANIFEST.md
2025-11-02 16:23:22,627 [INFO]   -> Skipped (up to date): DIRECTORY_MANIFEST.md
2025-11-02 16:23:22,627 [INFO]   -> Skipped (up to date): DIRECTORY_MANIFEST.md
2025-11-02 16:23:22,628 [INFO]   -> Skipped (up to date): DIRECTORY_MANIFEST.md
2025-11-02 16:23:22,628 [INFO]   -> Skipped (up to date): DIRECTORY_MANIFEST.md
2025-11-02 16:23:22,628 [INFO]   -> Skipped (up to date): DML_SUMMARY.md
2025-11-02 16:23:22,629 [INFO]   -> Skipped (up to date): auto_download_manifest.json
2025-11-02 16:23:22,629 [INFO]   -> Skipped (up to date): config.yaml
2025-11-02 16:23:22,630 [INFO]   -> Skipped (up to date): grok_config_yaml.txt
2025-11-02 16:23:22,630 [INFO]   -> Skipped (up to date): requirements.txt
2025-11-02 16:23:22,630 [INFO]   -> Skipped (up to date): DIRECTORY_MANIFEST.md
2025-11-02 16:23:22,631 [INFO]   -> Skipped (up to date): TEMPLATE_DIRECTORY_MANIFEST.md
2025-11-02 16:23:22,631 [INFO]   -> Skipped (up to date): project_summary.md
2025-11-02 16:23:22,631 [INFO]   -> Skipped (up to date): filelist_post_mirroring.txt
2025-11-02 16:23:22,632 [INFO]   -> Skipped (up to date): DIRECTORY_MANIFEST.md
2025-11-02 16:23:22,632 [INFO] ============================================================
2025-11-02 16:23:22,633 [INFO] EXECUTION SUMMARY
2025-11-02 16:23:22,635 [INFO] ============================================================
2025-11-02 16:23:22,635 [INFO] Processed:   0
2025-11-02 16:23:22,636 [INFO] Skipped:     40
2025-11-02 16:23:22,637 [INFO] Failed:      0
2025-11-02 16:23:22,637 [INFO] Space saved: 0.00 MB
2025-11-02 16:23:22,638 [INFO] ============================================================
2025-11-02 16:23:22,848 [INFO] [31m[1mWARNING: This is a development server. Do not use it in a production deployment. Use a production WSGI server instead.[0m
 * Running on http://localhost:5000
2025-11-02 16:23:22,849 [INFO] [33mPress CTRL+C to quit[0m
2025-11-02 16:23:34,958 [INFO] 127.0.0.1 - - [02/Nov/2025 16:23:34] "GET /api/v1/dml HTTP/1.1" 200 -
2025-11-02 16:23:41,630 [INFO] 127.0.0.1 - - [02/Nov/2025 16:23:41] "GET /api/v1/dml/000_Project_Manifests/manifest.yml.dml.b64 HTTP/1.1" 200 -
2025-11-02 16:25:16,490 [INFO] 127.0.0.1 - - [02/Nov/2025 16:25:16] "GET /api/v1/dml HTTP/1.1" 200 -
2025-11-02 16:25:18,258 [INFO] 127.0.0.1 - - [02/Nov/2025 16:25:18] "GET /api/v1/dml/000_Project_Manifests/manifest.yml.dml.b64 HTTP/1.1" 200 -
