2025-11-02 16:17:57,379 [INFO] Pipeline initialized (dry_run=False, force=False)
2025-11-02 16:17:57,379 [INFO] ============================================================
2025-11-02 16:17:57,382 [INFO] GROK: SUMMARIZE - DML PIPELINE EXECUTION
2025-11-02 16:17:57,384 [INFO] ============================================================
2025-11-02 16:17:57,385 [INFO] ============================================================
2025-11-02 16:17:57,386 [INFO] GROK: SUMMARIZE - DML PIPELINE EXECUTION
2025-11-02 16:17:57,386 [INFO] ============================================================
2025-11-02 16:17:57,414 [INFO] Discovered 40 files in 29 manifest-approved dirs
2025-11-02 16:17:57,414 [INFO]   -> Skipped (up to date): manifest.yml
2025-11-02 16:17:57,415 [INFO]   -> Skipped (up to date): DIRECTORY_MANIFEST.md
2025-11-02 16:17:57,415 [INFO]   -> Skipped (up to date): SETUP_WINDOWS.md
2025-11-02 16:17:57,417 [INFO]   -> Skipped (up to date): DIRECTORY_MANIFEST.md
2025-11-02 16:17:57,417 [INFO]   -> Skipped (up to date): Gitlab_install_instructions.txt
2025-11-02 16:17:57,418 [INFO]   -> Skipped (up to date): DIRECTORY_MANIFEST.md
2025-11-02 16:17:57,418 [INFO]   -> Skipped (up to date): DIRECTORY_MANIFEST.md
2025-11-02 16:17:57,419 [INFO]   -> Skipped (up to date): DIRECTORY_MANIFEST.md
2025-11-02 16:17:57,419 [INFO]   -> Skipped (up to date): DIRECTORY_MANIFEST.md
2025-11-02 16:17:57,419 [INFO]   -> Skipped (up to date): Airflow_install_instructions.txt
2025-11-02 16:17:57,420 [INFO]   -> Skipped (up to date): Prefect_install_instructions.txt
2025-11-02 16:17:57,420 [INFO]   -> Skipped (up to date): DIRECTORY_MANIFEST.md
2025-11-02 16:17:57,420 [INFO]   -> Skipped (up to date): DIRECTORY_MANIFEST.md
2025-11-02 16:17:57,421 [INFO]   -> Skipped (up to date): DIRECTORY_MANIFEST.md
2025-11-02 16:17:57,421 [INFO]   -> Skipped (up to date): DIRECTORY_MANIFEST.md
2025-11-02 16:17:57,421 [INFO]   -> Skipped (up to date): DIRECTORY_MANIFEST.md
2025-11-02 16:17:57,422 [INFO]   -> Skipped (up to date): DIRECTORY_MANIFEST.md
2025-11-02 16:17:57,422 [INFO]   -> Skipped (up to date): DIRECTORY_MANIFEST.md
2025-11-02 16:17:57,422 [INFO]   -> Skipped (up to date): DIRECTORY_MANIFEST.md
2025-11-02 16:17:57,423 [INFO]   -> Skipped (up to date): DIRECTORY_MANIFEST.md
2025-11-02 16:17:57,423 [INFO]   -> Skipped (up to date): DIRECTORY_MANIFEST.md
2025-11-02 16:17:57,423 [INFO]   -> Skipped (up to date): node__docker_instructions.txt
2025-11-02 16:17:57,424 [INFO]   -> Skipped (up to date): DIRECTORY_MANIFEST.md
2025-11-02 16:17:57,424 [INFO]   -> Skipped (up to date): DIRECTORY_MANIFEST.md
2025-11-02 16:17:57,424 [INFO]   -> Skipped (up to date): OhShINT.txt
2025-11-02 16:17:57,425 [INFO]   -> Skipped (up to date): DIRECTORY_MANIFEST.md
2025-11-02 16:17:57,425 [INFO]   -> Skipped (up to date): DIRECTORY_MANIFEST.md
2025-11-02 16:17:57,426 [INFO]   -> Skipped (up to date): DIRECTORY_MANIFEST.md
2025-11-02 16:17:57,426 [INFO]   -> Skipped (up to date): DIRECTORY_MANIFEST.md
2025-11-02 16:17:57,426 [INFO]   -> Skipped (up to date): DIRECTORY_MANIFEST.md
2025-11-02 16:17:57,451 [INFO]   -> Success: DML_SUMMARY.md (540 -> 613 bytes, --0.1KB)
2025-11-02 16:17:57,451 [INFO]   -> Skipped (up to date): auto_download_manifest.json
2025-11-02 16:17:57,453 [INFO]   -> Skipped (up to date): config.yaml
2025-11-02 16:17:57,453 [INFO]   -> Skipped (up to date): grok_config_yaml.txt
2025-11-02 16:17:57,455 [INFO]   -> Success: requirements.txt (73 -> 359 bytes, --0.3KB)
2025-11-02 16:17:57,456 [INFO]   -> Skipped (up to date): DIRECTORY_MANIFEST.md
2025-11-02 16:17:57,457 [INFO]   -> Skipped (up to date): TEMPLATE_DIRECTORY_MANIFEST.md
2025-11-02 16:17:57,458 [INFO]   -> Skipped (up to date): project_summary.md
2025-11-02 16:17:57,458 [INFO]   -> Skipped (up to date): filelist_post_mirroring.txt
2025-11-02 16:17:57,458 [INFO]   -> Skipped (up to date): DIRECTORY_MANIFEST.md
2025-11-02 16:17:57,459 [INFO] ============================================================
2025-11-02 16:17:57,459 [INFO] EXECUTION SUMMARY
2025-11-02 16:17:57,459 [INFO] ============================================================
2025-11-02 16:17:57,460 [INFO] Processed:   2
2025-11-02 16:17:57,460 [INFO] Skipped:     38
2025-11-02 16:17:57,460 [INFO] Failed:      0
2025-11-02 16:17:57,461 [INFO] Space saved: -0.00 MB
2025-11-02 16:17:57,461 [INFO] ============================================================
2025-11-02 16:17:57,641 [INFO] [31m[1mWARNING: This is a development server. Do not use it in a production deployment. Use a production WSGI server instead.[0m
 * Running on http://localhost:5000
2025-11-02 16:17:57,641 [INFO] [33mPress CTRL+C to quit[0m
2025-11-02 16:18:05,781 [INFO] 127.0.0.1 - - [02/Nov/2025 16:18:05] "GET /api/v1/dml HTTP/1.1" 200 -
2025-11-02 16:18:56,735 [INFO] 127.0.0.1 - - [02/Nov/2025 16:18:56] "GET /api/v1/dml/000_Project_Manifests/manifest.yml.dml.b64 HTTP/1.1" 200 -
2025-11-02 16:19:48,394 [INFO] 127.0.0.1 - - [02/Nov/2025 16:19:48] "GET /api/v1/dml/000_Project_Manifests/manifest.yml.dml.b64 HTTP/1.1" 200 -
