2025-11-02 14:30:06,344 [INFO] Pipeline initialized (dry_run=False, force=False)
2025-11-02 14:30:06,345 [INFO] ============================================================
2025-11-02 14:30:06,346 [INFO] GROK: SUMMARIZE - DML PIPELINE EXECUTION
2025-11-02 14:30:06,346 [INFO] ============================================================
2025-11-02 14:30:06,347 [INFO] CLEAN MODE: Scanning for orphaned DML files...
2025-11-02 14:30:06,348 [INFO]   -> DELETED orphan: E:\NextGen\Offline_IT_Ecosystem\210_Project_Dev_Tools\Summarize\output\000_Project_Manifests\DIRECTORY_MANIFEST.md.dml.b64
2025-11-02 14:30:06,348 [INFO]   -> DELETED orphan: E:\NextGen\Offline_IT_Ecosystem\210_Project_Dev_Tools\Summarize\output\000_Project_Manifests\manifest.yml.dml.b64
2025-11-02 14:30:06,349 [INFO]   -> DELETED orphan: E:\NextGen\Offline_IT_Ecosystem\210_Project_Dev_Tools\Summarize\output\000_Project_Manifests\SETUP_WINDOWS.md.dml.b64
2025-11-02 14:30:06,351 [INFO]   -> DELETED orphan: E:\NextGen\Offline_IT_Ecosystem\210_Project_Dev_Tools\Summarize\output\010_Data_RDBMS_NoSQL\DIRECTORY_MANIFEST.md.dml.b64
2025-11-02 14:30:06,352 [INFO]   -> DELETED orphan: E:\NextGen\Offline_IT_Ecosystem\210_Project_Dev_Tools\Summarize\output\020_SCM_Version_Control\DIRECTORY_MANIFEST.md.dml.b64
2025-11-02 14:30:06,352 [INFO]   -> DELETED orphan: E:\NextGen\Offline_IT_Ecosystem\210_Project_Dev_Tools\Summarize\output\020_SCM_Version_Control\Gitlab_install_instructions.txt.dml.b64
2025-11-02 14:30:06,353 [INFO]   -> DELETED orphan: E:\NextGen\Offline_IT_Ecosystem\210_Project_Dev_Tools\Summarize\output\030_Auth_Identity_Management\DIRECTORY_MANIFEST.md.dml.b64
2025-11-02 14:30:06,354 [INFO]   -> DELETED orphan: E:\NextGen\Offline_IT_Ecosystem\210_Project_Dev_Tools\Summarize\output\040_Web_Server_Frontend\DIRECTORY_MANIFEST.md.dml.b64
2025-11-02 14:30:06,354 [INFO]   -> DELETED orphan: E:\NextGen\Offline_IT_Ecosystem\210_Project_Dev_Tools\Summarize\output\050_Network_Core_Services\DIRECTORY_MANIFEST.md.dml.b64
2025-11-02 14:30:06,355 [INFO]   -> DELETED orphan: E:\NextGen\Offline_IT_Ecosystem\210_Project_Dev_Tools\Summarize\output\060_Virtualization_Containerization\Airflow_install_instructions.txt.dml.b64
2025-11-02 14:30:06,355 [INFO]   -> DELETED orphan: E:\NextGen\Offline_IT_Ecosystem\210_Project_Dev_Tools\Summarize\output\060_Virtualization_Containerization\DIRECTORY_MANIFEST.md.dml.b64
2025-11-02 14:30:06,356 [INFO]   -> DELETED orphan: E:\NextGen\Offline_IT_Ecosystem\210_Project_Dev_Tools\Summarize\output\060_Virtualization_Containerization\Prefect_install_instructions.txt.dml.b64
2025-11-02 14:30:06,356 [INFO]   -> DELETED orphan: E:\NextGen\Offline_IT_Ecosystem\210_Project_Dev_Tools\Summarize\output\070_DevOps_CI_CD\DIRECTORY_MANIFEST.md.dml.b64
2025-11-02 14:30:06,357 [INFO]   -> DELETED orphan: E:\NextGen\Offline_IT_Ecosystem\210_Project_Dev_Tools\Summarize\output\080_Observability_ELK_Stack\DIRECTORY_MANIFEST.md.dml.b64
2025-11-02 14:30:06,358 [INFO]   -> DELETED orphan: E:\NextGen\Offline_IT_Ecosystem\210_Project_Dev_Tools\Summarize\output\090_Messaging_IoT_Broker\DIRECTORY_MANIFEST.md.dml.b64
2025-11-02 14:30:06,358 [INFO]   -> DELETED orphan: E:\NextGen\Offline_IT_Ecosystem\210_Project_Dev_Tools\Summarize\output\105_System_Automation_Scripts\DIRECTORY_MANIFEST.md.dml.b64
2025-11-02 14:30:06,359 [INFO]   -> DELETED orphan: E:\NextGen\Offline_IT_Ecosystem\210_Project_Dev_Tools\Summarize\output\110_Cybersecurity_Pentest\DIRECTORY_MANIFEST.md.dml.b64
2025-11-02 14:30:06,359 [INFO]   -> DELETED orphan: E:\NextGen\Offline_IT_Ecosystem\210_Project_Dev_Tools\Summarize\output\120_Blockchain_Crypto\DIRECTORY_MANIFEST.md.dml.b64
2025-11-02 14:30:06,360 [INFO]   -> DELETED orphan: E:\NextGen\Offline_IT_Ecosystem\210_Project_Dev_Tools\Summarize\output\130_MUD_IRC_Community\DIRECTORY_MANIFEST.md.dml.b64
2025-11-02 14:30:06,361 [INFO]   -> DELETED orphan: E:\NextGen\Offline_IT_Ecosystem\210_Project_Dev_Tools\Summarize\output\140_Game_Development\DIRECTORY_MANIFEST.md.dml.b64
2025-11-02 14:30:06,363 [INFO]   -> DELETED orphan: E:\NextGen\Offline_IT_Ecosystem\210_Project_Dev_Tools\Summarize\output\150_Offline_Chat_Messaging\DIRECTORY_MANIFEST.md.dml.b64
2025-11-02 14:30:06,364 [INFO]   -> DELETED orphan: E:\NextGen\Offline_IT_Ecosystem\210_Project_Dev_Tools\Summarize\output\160_Mirror_Tool_Dependencies\DIRECTORY_MANIFEST.md.dml.b64
2025-11-02 14:30:06,365 [INFO]   -> DELETED orphan: E:\NextGen\Offline_IT_Ecosystem\210_Project_Dev_Tools\Summarize\output\170_OS_Security_Baselines\DIRECTORY_MANIFEST.md.dml.b64
2025-11-02 14:30:06,365 [INFO]   -> DELETED orphan: E:\NextGen\Offline_IT_Ecosystem\210_Project_Dev_Tools\Summarize\output\180_Open_Source_Intelligence\DIRECTORY_MANIFEST.md.dml.b64
2025-11-02 14:30:06,366 [INFO]   -> DELETED orphan: E:\NextGen\Offline_IT_Ecosystem\210_Project_Dev_Tools\Summarize\output\190_Local_CDN_Caching\DIRECTORY_MANIFEST.md.dml.b64
2025-11-02 14:30:06,366 [INFO]   -> DELETED orphan: E:\NextGen\Offline_IT_Ecosystem\210_Project_Dev_Tools\Summarize\output\195_Documentation_Knowledge_Base\DIRECTORY_MANIFEST.md.dml.b64
2025-11-02 14:30:06,367 [INFO]   -> DELETED orphan: E:\NextGen\Offline_IT_Ecosystem\210_Project_Dev_Tools\Summarize\output\200_Content_Data_Source\DIRECTORY_MANIFEST.md.dml.b64
2025-11-02 14:30:06,367 [INFO]   -> DELETED orphan: E:\NextGen\Offline_IT_Ecosystem\210_Project_Dev_Tools\Summarize\output\210_Project_Dev_Tools\DIRECTORY_MANIFEST.md.dml.b64
2025-11-02 14:30:06,368 [INFO]   -> DELETED orphan: E:\NextGen\Offline_IT_Ecosystem\210_Project_Dev_Tools\Summarize\output\990_Project_Automation\auto_download_manifest.json.dml.b64
2025-11-02 14:30:06,368 [INFO]   -> DELETED orphan: E:\NextGen\Offline_IT_Ecosystem\210_Project_Dev_Tools\Summarize\output\990_Project_Automation\DIRECTORY_MANIFEST.md.dml.b64
2025-11-02 14:30:06,369 [INFO]   -> DELETED orphan: E:\NextGen\Offline_IT_Ecosystem\210_Project_Dev_Tools\Summarize\output\990_Project_Automation\TEMPLATE_DIRECTORY_MANIFEST.md.dml.b64
2025-11-02 14:30:06,369 [INFO]   -> DELETED orphan: E:\NextGen\Offline_IT_Ecosystem\210_Project_Dev_Tools\Summarize\output\995_Project_Logs\DIRECTORY_MANIFEST.md.dml.b64
2025-11-02 14:30:06,370 [INFO]   -> DELETED orphan: E:\NextGen\Offline_IT_Ecosystem\210_Project_Dev_Tools\Summarize\output\995_Project_Logs\filelist_post_mirroring.txt.dml.b64
2025-11-02 14:30:06,371 [INFO]   -> DELETED orphan: E:\NextGen\Offline_IT_Ecosystem\210_Project_Dev_Tools\Summarize\output\990_Project_Automation\Pipeline\config.yaml.dml.b64
2025-11-02 14:30:06,373 [INFO]   -> DELETED orphan: E:\NextGen\Offline_IT_Ecosystem\210_Project_Dev_Tools\Summarize\output\990_Project_Automation\Pipeline\grok_config_yaml.txt.dml.b64
2025-11-02 14:30:06,375 [INFO]   -> DELETED orphan: E:\NextGen\Offline_IT_Ecosystem\210_Project_Dev_Tools\Summarize\output\990_Project_Automation\Pipeline\project_summary.md.dml.b64
2025-11-02 14:30:06,377 [INFO]   -> DELETED orphan: E:\NextGen\Offline_IT_Ecosystem\210_Project_Dev_Tools\Summarize\output\990_Project_Automation\Pipeline\requirements.txt.dml.b64
2025-11-02 14:30:06,380 [INFO]   -> DELETED orphan: E:\NextGen\Offline_IT_Ecosystem\210_Project_Dev_Tools\Summarize\output\180_Open_Source_Intelligence\Datasets\OhShINT.txt.dml.b64
2025-11-02 14:30:06,381 [INFO]   -> DELETED orphan: E:\NextGen\Offline_IT_Ecosystem\210_Project_Dev_Tools\Summarize\output\160_Mirror_Tool_Dependencies\NODE\node__docker_instructions.txt.dml.b64
2025-11-02 14:30:06,383 [INFO] CLEAN MODE: 39 orphaned DML files removed.
