[Sun 11/02/2025 22:34:58.49] Configuration loaded and paths resolved. 
[Sun 11/02/2025 22:34:58.50] Starting prerequisite checks 
[Sun 11/02/2025 22:34:58.51] Starting Winget Check 
[Sun 11/02/2025 22:34:58.61] Winget detected. 
[Sun 11/02/2025 22:34:58.61] Starting Python Check 
[Sun 11/02/2025 22:34:58.62] Installing Python to location: E:\NextGenPython 
[Sun 11/02/2025 22:35:03.01] Python 3.11 installation failed. 
[Sun 11/02/2025 22:35:03.02] Starting Chrome Check 
[Sun 11/02/2025 22:35:03.03] Installing Chrome to location: E:\NextGenChrome 
[Sun 11/02/2025 22:35:03.90] Chrome installation failed. 
[Sun 11/02/2025 22:35:03.91] Creating core TARGET directories... 
[Sun 11/02/2025 22:35:03.92] Starting Core Installation Logic (F) 
[Sun 11/02/2025 22:35:03.93] Installing Python dependencies (PyYAML) 
[Sun 11/02/2025 22:35:03.93] ERROR: PyYAML installation failed. 
[Sun 11/02/2025 22:35:03.95] Starting Dynamic File Generation 
[Sun 11/02/2025 22:35:03.95] Processing Template Folder: findstr /R /V /C:".*#.*" /C: 
[Sun 11/02/2025 22:35:03.96] Dynamic File Generation finished 
[Sun 11/02/2025 22:35:03.96] Installation process complete 
[Sun 11/02/2025 22:41:17.86] Configuration loaded and paths resolved. 
[Sun 11/02/2025 22:41:17.87] Starting prerequisite checks 
[Sun 11/02/2025 22:41:17.87] Starting Winget Check 
[Sun 11/02/2025 22:41:17.98] Winget detected. 
[Sun 11/02/2025 22:41:17.98] Starting Python Check 
[Sun 11/02/2025 22:41:17.99] Installing Python to location: E:\NextGenPython 
[Sun 11/02/2025 22:41:25.85] Python 3.11 installation failed. 
[Sun 11/02/2025 22:41:25.86] Starting Chrome Check 
[Sun 11/02/2025 22:41:25.87] Installing Chrome to location: E:\NextGenChrome 
[Sun 11/02/2025 22:41:26.74] Chrome installation failed. 
[Sun 11/02/2025 22:41:26.75] Creating core TARGET directories... 
[Sun 11/02/2025 22:41:26.75] Starting Core Installation Logic (F) 
[Sun 11/02/2025 22:41:26.76] Installing Python dependencies (PyYAML) 
[Sun 11/02/2025 22:41:26.77] ERROR: PyYAML installation failed. 
[Sun 11/02/2025 22:41:26.78] Starting Dynamic File Generation 
[Sun 11/02/2025 22:41:26.78] Processing Template Folder: findstr /R /V /C:".*#.*" /C: 
[Sun 11/02/2025 22:41:26.79] Dynamic File Generation finished 
[Sun 11/02/2025 22:41:26.80] Installation process complete 
[Sun 11/02/2025 22:46:39.59] Configuration loaded and paths resolved. 
[Sun 11/02/2025 22:46:39.59] Starting prerequisite checks 
[Sun 11/02/2025 22:46:39.60] Starting Winget Check 
[Sun 11/02/2025 22:46:39.70] Winget detected. 
[Sun 11/02/2025 22:46:39.70] Starting Python Check 
[Sun 11/02/2025 22:46:39.71] Installing Python to location: E:\NextGenPython 
[Sun 11/02/2025 22:46:43.82] Python 3.11 installation failed. 
[Sun 11/02/2025 22:46:43.83] Starting Chrome Check 
[Sun 11/02/2025 22:46:43.86] Installing Chrome to location: E:\NextGenChrome 
[Sun 11/02/2025 22:46:44.81] Chrome installation failed. 
[Sun 11/02/2025 22:46:44.82] Creating core TARGET directories... 
[Sun 11/02/2025 22:46:44.83] Starting Core Installation Logic (F) 
[Sun 11/02/2025 22:46:44.84] Installing Python dependencies (PyYAML) 
[Sun 11/02/2025 22:46:44.84] ERROR: PyYAML installation failed. 
[Sun 11/02/2025 22:46:44.86] Starting Dynamic File Generation 
[Sun 11/02/2025 22:46:44.86] Processing Template Folder: findstr /R /V /C:".*#.*" /C: 
[Sun 11/02/2025 22:46:44.87] Dynamic File Generation finished 
[Sun 11/02/2025 22:46:44.88] Installation process complete 
[Sun 11/02/2025 22:48:27.70] Configuration loaded and paths resolved. 
[Sun 11/02/2025 22:48:27.71] Starting prerequisite checks 
[Sun 11/02/2025 22:48:27.72] Starting Winget Check 
[Sun 11/02/2025 22:48:27.81] Winget detected. 
[Sun 11/02/2025 22:48:27.82] Starting Python Check 
[Sun 11/02/2025 22:48:27.83] Installing Python to location: E:\NextGenPython 
[Sun 11/02/2025 22:48:34.42] Python 3.11 installation failed. 
[Sun 11/02/2025 22:48:34.43] Starting Chrome Check 
[Sun 11/02/2025 22:48:34.44] Installing Chrome to location: E:\NextGenChrome 
[Sun 11/02/2025 22:48:35.28] Chrome installation failed. 
[Sun 11/02/2025 22:48:35.28] Creating core TARGET directories... 
[Sun 11/02/2025 22:48:35.29] Starting Core Installation Logic (F) 
[Sun 11/02/2025 22:48:35.30] Installing Python dependencies (PyYAML) 
[Sun 11/02/2025 22:48:35.31] ERROR: PyYAML installation failed. 
[Sun 11/02/2025 22:48:35.31] Starting Dynamic File Generation 
[Sun 11/02/2025 22:48:35.32] Processing Template Folder: findstr /R /V /C:".*#.*" /C: 
[Sun 11/02/2025 22:48:35.33] Dynamic File Generation finished 
[Sun 11/02/2025 22:48:35.33] Installation process complete 
[Sun 11/02/2025 22:53:04.84] Configuration loaded and paths resolved. 
[Sun 11/02/2025 22:53:04.84] Starting prerequisite checks 
[Sun 11/02/2025 22:53:04.85] Starting Winget Check 
[Sun 11/02/2025 22:53:04.94] Winget detected. 
[Sun 11/02/2025 22:53:04.95] Starting Python Check 
[Sun 11/02/2025 22:53:04.96] Installing Python to location: E:\NextGenPython 
[Sun 11/02/2025 22:53:11.26] Python 3.11 installation failed. 
[Sun 11/02/2025 22:53:11.26] Starting Chrome Check 
[Sun 11/02/2025 22:53:11.30] Installing Chrome to location: E:\NextGenChrome 
[Sun 11/02/2025 22:53:12.17] Chrome installation failed. 
[Sun 11/02/2025 22:53:12.18] Creating core TARGET directories... 
[Sun 11/02/2025 22:53:12.18] Starting Core Installation Logic (F) 
[Sun 11/02/2025 22:53:12.19] Installing Python dependencies (PyYAML) 
[Sun 11/02/2025 22:53:12.20] ERROR: PyYAML installation failed. 
[Sun 11/02/2025 22:53:12.21] Starting Dynamic File Generation 
[Sun 11/02/2025 22:53:12.21] Processing Template Folder: findstr /R /V /C:".*#.*" /C: 
[Sun 11/02/2025 22:53:12.22] Dynamic File Generation finished 
[Sun 11/02/2025 22:53:12.22] Installation process complete 
[Sun 11/02/2025 22:55:05.73] Configuration loaded and paths resolved. 
[Sun 11/02/2025 22:55:05.73] Starting prerequisite checks 
[Sun 11/02/2025 22:55:05.74] Starting Winget Check 
[Sun 11/02/2025 22:55:05.84] Winget detected. 
[Sun 11/02/2025 22:55:05.84] Starting Python Check 
[Sun 11/02/2025 22:55:05.85] Installing Python to location: E:\NextGenPython 
[Sun 11/02/2025 22:55:38.49] Python 3.11 installation failed. 
[Sun 11/02/2025 22:55:38.50] Starting Chrome Check 
[Sun 11/02/2025 22:55:38.52] Installing Chrome to location: E:\NextGenChrome 
[Sun 11/02/2025 22:55:39.42] Chrome installation failed. 
[Sun 11/02/2025 22:55:39.43] Creating core TARGET directories... 
[Sun 11/02/2025 22:55:39.44] Starting Core Installation Logic (F) 
[Sun 11/02/2025 22:55:39.45] Installing Python dependencies (PyYAML) 
[Sun 11/02/2025 22:55:39.45] ERROR: PyYAML installation failed. 
[Sun 11/02/2025 22:55:39.46] Starting Dynamic File Generation 
[Sun 11/02/2025 22:55:39.47] Processing Template Folder: findstr /R /V /C:".*#.*" /C: 
[Sun 11/02/2025 22:55:39.48] Dynamic File Generation finished 
[Sun 11/02/2025 22:55:39.49] Installation process complete 
[Sun 11/02/2025 22:55:56.14] Configuration loaded and paths resolved. 
[Sun 11/02/2025 22:55:56.15] Starting prerequisite checks 
[Sun 11/02/2025 22:55:56.16] Starting Winget Check 
[Sun 11/02/2025 22:55:56.25] Winget detected. 
[Sun 11/02/2025 22:55:56.25] Starting Python Check 
[Sun 11/02/2025 22:55:56.27] Installing Python to location: E:\NextGenPython 
[Sun 11/02/2025 22:56:27.54] Python 3.11 installed successfully. 
[Sun 11/02/2025 22:56:27.55] Starting Chrome Check 
[Sun 11/02/2025 22:56:27.56] Installing Chrome to location: E:\NextGenChrome 
[Sun 11/02/2025 22:56:28.41] Chrome installation failed. 
[Sun 11/02/2025 22:56:28.41] Creating core TARGET directories... 
[Sun 11/02/2025 22:56:28.42] Starting Core Installation Logic (F) 
[Sun 11/02/2025 22:56:28.43] Installing Python dependencies (PyYAML) 
[Sun 11/02/2025 22:56:31.00] PyYAML installed successfully. 
[Sun 11/02/2025 22:56:31.01] Starting Dynamic File Generation 
[Sun 11/02/2025 22:56:31.02] Processing Template Folder: findstr /R /V /C:".*#.*" /C: 
[Sun 11/02/2025 22:56:31.03] Dynamic File Generation finished 
[Sun 11/02/2025 22:56:31.03] Installation process complete 
[Sun 11/02/2025 23:03:40.54] Configuration loaded and paths resolved. 
[Sun 11/02/2025 23:03:40.54] Starting prerequisite checks 
[Sun 11/02/2025 23:03:40.55] Starting Winget Check 
[Sun 11/02/2025 23:03:40.65] Winget detected. 
[Sun 11/02/2025 23:03:40.66] Starting Python Check 
[Sun 11/02/2025 23:03:40.67] Installing Python to location: E:\NextGenPython 
[Sun 11/02/2025 23:03:43.16] Python 3.11 installation failed. 
[Sun 11/02/2025 23:03:43.17] Starting Chrome Check 
[Sun 11/02/2025 23:03:43.18] Installing Chrome to location: E:\NextGenChrome 
[Sun 11/02/2025 23:03:44.07] Chrome installation failed. 
[Sun 11/02/2025 23:03:44.08] Creating core TARGET directories... 
[Sun 11/02/2025 23:03:44.10] Starting Core Installation Logic (F) 
[Sun 11/02/2025 23:03:44.11] Installing Python dependencies (PyYAML) 
[Sun 11/02/2025 23:03:44.11] ERROR: PyYAML installation failed. 
[Sun 11/02/2025 23:03:44.12] Starting Dynamic File Generation 
[Sun 11/02/2025 23:03:44.13] Processing Template Folder: findstr /R /V /C:".*#.*" /C: 
[Sun 11/02/2025 23:03:44.14] Dynamic File Generation finished 
[Sun 11/02/2025 23:03:44.14] Installation process complete 
